{"name":"1741614966","hostname":"DESKTOP-ATRG469","pid":8464,"level":20,"msg":"Sync server version: 1.3.8 2022-02-25 10:58:11 -0600 50659ecda06a8b79a41f24c1fdff05187324402b","time":"2025-03-10T13:56:06.417Z","v":0}
{"name":"1741614966","hostname":"DESKTOP-ATRG469","pid":8464,"level":30,"msg":"Acquiring actors for session 1741614966: ACTOR1","time":"2025-03-10T13:56:06.418Z","v":0}
{"name":"1741614966","hostname":"DESKTOP-ATRG469","pid":8464,"level":30,"msg":"Session 1741614966 with label \"Session 1741579598 10\" started at 2025-03-10 13:56:06 UTC","time":"2025-03-10T13:56:06.419Z","v":0}
{"name":"1741614966","hostname":"DESKTOP-ATRG469","pid":8464,"level":30,"actorType":"ACTOR1","actorId":"51646","time":"2025-03-10T13:56:11.6953259Z","msg":"Actor 51646 of type ACTOR1 was acquired by test session 1741614966","v":0}
{"name":"1741614966","hostname":"DESKTOP-ATRG469","pid":8464,"level":20,"actorType":"ACTOR1","actorId":"51646","time":"2025-03-10T13:56:11.7053314Z","msg":"DEBUG: Test actor JAR versions:","v":0}
{"name":"1741614966","hostname":"DESKTOP-ATRG469","pid":8464,"level":20,"actorType":"ACTOR1","actorId":"51646","time":"2025-03-10T13:56:11.7063234Z","msg":"DEBUG:   opentest-appium-0.0.1.jar: 2022-02-25 10:58 -0600 0.0.1-50659ecda06a8b79a41f24c1fdff05187324402b-dirty","v":0}
{"name":"1741614966","hostname":"DESKTOP-ATRG469","pid":8464,"level":20,"actorType":"ACTOR1","actorId":"51646","time":"2025-03-10T13:56:11.7063234Z","msg":"DEBUG:   opentest-base-0.0.1.jar: 2022-02-25 10:58 -0600 0.0.1-50659ecda06a8b79a41f24c1fdff05187324402b-dirty","v":0}
{"name":"1741614966","hostname":"DESKTOP-ATRG469","pid":8464,"level":20,"actorType":"ACTOR1","actorId":"51646","time":"2025-03-10T13:56:11.7063234Z","msg":"DEBUG:   opentest-selenium-0.0.1.jar: 2022-02-25 10:58 -0600 0.0.1-50659ecda06a8b79a41f24c1fdff05187324402b-dirty","v":0}
{"name":"1741614966","hostname":"DESKTOP-ATRG469","pid":8464,"level":40,"actorType":"ACTOR1","actorId":"51646","time":"2025-03-10T13:56:11.7073255Z","msg":"WARN: Failed to log extension JARs","v":0}
{"name":"1741614966","hostname":"DESKTOP-ATRG469","pid":8464,"level":10,"actorType":"ACTOR1","actorId":"51646","time":"2025-03-10T13:56:11.7073255Z","msg":"TRACE: Firing SESSION_STARTED event...","v":0}
{"name":"1741614966","hostname":"DESKTOP-ATRG469","pid":8464,"level":30,"actorType":"ACTOR1","actorId":"51646","time":"2025-03-10T13:56:11.7403252Z","msg":"==================== ACTOR1: web/DemoBlaze/Caso1 ====================","v":0}
{"name":"1741614966","hostname":"DESKTOP-ATRG469","pid":8464,"level":30,"actorType":"ACTOR1","actorId":"51646","time":"2025-03-10T13:56:11.7403252Z","msg":"Actor ACTOR1 started executing test web/DemoBlaze/Caso1...","v":0}
{"name":"1741614966","hostname":"DESKTOP-ATRG469","pid":8464,"level":10,"actorType":"ACTOR1","actorId":"51646","time":"2025-03-10T13:56:11.7403252Z","msg":"TRACE: Firing TEST_STARTED event...","v":0}
{"name":"1741614966","hostname":"DESKTOP-ATRG469","pid":8464,"level":30,"actorType":"ACTOR1","actorId":"51646","time":"2025-03-10T13:56:11.7593254Z","msg":"Executing segment 1 of test web/DemoBlaze/Caso1...","v":0}
{"name":"1741614966","hostname":"DESKTOP-ATRG469","pid":8464,"level":30,"actorType":"ACTOR1","actorId":"51646","time":"2025-03-10T13:56:11.7593254Z","msg":"Evaluating action 1/2 (DemoBlaze.GoTo) in segment 1...","v":0}
{"name":"1741614966","hostname":"DESKTOP-ATRG469","pid":8464,"level":30,"actorType":"ACTOR1","actorId":"51646","time":"2025-03-10T13:56:11.7643261Z","msg":"Executing macro DemoBlaze/GoTo with arguments {\"website\":\"https://www.demoblaze.com/index.html\"}...","v":0}
{"name":"1741614966","hostname":"DESKTOP-ATRG469","pid":8464,"level":30,"actorType":"ACTOR1","actorId":"51646","time":"2025-03-10T13:56:11.765327Z","msg":"Evaluating action 1/2 in macro DemoBlaze/GoTo (Navigate to the wiki page)...","v":0}
{"name":"1741614966","hostname":"DESKTOP-ATRG469","pid":8464,"level":10,"actorType":"ACTOR1","actorId":"51646","time":"2025-03-10T13:56:11.7673287Z","msg":"TRACE: Initializing action org.getopentest.selenium.NavigateTo...","v":0}
{"name":"1741614966","hostname":"DESKTOP-ATRG469","pid":8464,"level":30,"actorType":"ACTOR1","actorId":"51646","time":"2025-03-10T13:56:11.7673287Z","msg":"Using local Selenium server","v":0}
{"name":"1741614966","hostname":"DESKTOP-ATRG469","pid":8464,"level":10,"actorType":"ACTOR1","actorId":"51646","time":"2025-03-10T13:56:11.7683291Z","msg":"TRACE: Setting system property \"webdriver.chrome.driver\" to \"C:/Users/casa/Documents/opentest/forza/driver/chromedriver.exe\"","v":0}
{"name":"1741614966","hostname":"DESKTOP-ATRG469","pid":8464,"level":30,"actorType":"ACTOR1","actorId":"51646","time":"2025-03-10T13:56:12.4076701Z","msg":"Executing action org.getopentest.selenium.NavigateTo with arguments {\"url\":\"https://www.demoblaze.com/index.html\"}...","v":0}
{"name":"1741614966","hostname":"DESKTOP-ATRG469","pid":8464,"level":30,"actorType":"ACTOR1","actorId":"51646","time":"2025-03-10T13:56:14.57619Z","msg":"Evaluating action 2/2 in macro DemoBlaze/GoTo...","v":0}
{"name":"1741614966","hostname":"DESKTOP-ATRG469","pid":8464,"level":10,"actorType":"ACTOR1","actorId":"51646","time":"2025-03-10T13:56:14.57619Z","msg":"TRACE: Initializing action org.getopentest.base.ScriptAction...","v":0}
{"name":"1741614966","hostname":"DESKTOP-ATRG469","pid":8464,"level":30,"actorType":"ACTOR1","actorId":"51646","time":"2025-03-10T13:56:14.57619Z","msg":"Executing action org.getopentest.base.ScriptAction (no arguments were provided)...","v":0}
{"name":"1741614966","hostname":"DESKTOP-ATRG469","pid":8464,"level":30,"actorType":"ACTOR1","actorId":"51646","time":"2025-03-10T13:56:19.5898675Z","msg":"Evaluating action 2/2 (DemoBlaze.SelectItem) in segment 1...","v":0}
{"name":"1741614966","hostname":"DESKTOP-ATRG469","pid":8464,"level":30,"actorType":"ACTOR1","actorId":"51646","time":"2025-03-10T13:56:19.5978762Z","msg":"Executing macro DemoBlaze/SelectItem with arguments {\"item\":\"Samsung galaxy s6\"}...","v":0}
{"name":"1741614966","hostname":"DESKTOP-ATRG469","pid":8464,"level":30,"actorType":"ACTOR1","actorId":"51646","time":"2025-03-10T13:56:19.5978762Z","msg":"Evaluating action 1/1 in macro DemoBlaze/SelectItem...","v":0}
{"name":"1741614966","hostname":"DESKTOP-ATRG469","pid":8464,"level":10,"actorType":"ACTOR1","actorId":"51646","time":"2025-03-10T13:56:19.5978762Z","msg":"TRACE: Initializing action org.getopentest.base.ScriptAction...","v":0}
{"name":"1741614966","hostname":"DESKTOP-ATRG469","pid":8464,"level":30,"actorType":"ACTOR1","actorId":"51646","time":"2025-03-10T13:56:19.5978762Z","msg":"Executing action org.getopentest.base.ScriptAction (no arguments were provided)...","v":0}
{"name":"1741614966","hostname":"DESKTOP-ATRG469","pid":8464,"level":10,"actorType":"ACTOR1","actorId":"51646","time":"2025-03-10T13:56:19.6428684Z","msg":"TRACE: Initializing action org.getopentest.selenium.Click...","v":0}
{"name":"1741614966","hostname":"DESKTOP-ATRG469","pid":8464,"level":30,"actorType":"ACTOR1","actorId":"51646","time":"2025-03-10T13:56:19.6438693Z","msg":"Executing action org.getopentest.selenium.Click with arguments {\"locator\":{\"xpath\":\"//h4/a[text()='Samsung galaxy s6']\"}}...","v":0}
{"name":"1741614966","hostname":"DESKTOP-ATRG469","pid":8464,"level":30,"actorType":"ACTOR1","actorId":"51646","time":"2025-03-10T13:56:22.628843Z","msg":"Test session has completed","v":0}
{"name":"1741614966","hostname":"DESKTOP-ATRG469","pid":8464,"level":10,"actorType":"ACTOR1","actorId":"51646","time":"2025-03-10T13:56:22.6308372Z","msg":"TRACE: Firing TEST_COMPLETED event...","v":0}
{"name":"1741614966","hostname":"DESKTOP-ATRG469","pid":8464,"level":10,"actorType":"ACTOR1","actorId":"51646","time":"2025-03-10T13:56:22.7598117Z","msg":"TRACE: Firing SESSION_COMPLETED event...","v":0}
{"name":"1741614966","hostname":"DESKTOP-ATRG469","pid":8464,"level":30,"actorType":"ACTOR1","actorId":"51646","time":"2025-03-10T13:56:22.7608233Z","msg":"Actor 51646 of type ACTOR1 with no tags is waiting to be acquired by a test session...","v":0}
{"name":"1741614966","hostname":"DESKTOP-ATRG469","pid":8464,"level":10,"actorType":"ACTOR1","actorId":"51646","time":"2025-03-10T14:07:53.7969817Z","msg":"TRACE: Initializing test session information in the \"announce\" method...","v":0}
{"name":"1741614966","hostname":"DESKTOP-ATRG469","pid":8464,"level":10,"actorType":"ACTOR1","actorId":"51646","time":"2025-03-10T14:07:53.7979808Z","msg":"TRACE: Session ID in sync server response was 1741615674; actor session ID was null","v":0}
