{"name":"1741579674","hostname":"DESKTOP-ATRG469","pid":3756,"level":20,"msg":"Sync server version: 1.3.8 2022-02-25 10:58:11 -0600 50659ecda06a8b79a41f24c1fdff05187324402b","time":"2025-03-10T04:07:53.926Z","v":0}
{"name":"1741579674","hostname":"DESKTOP-ATRG469","pid":3756,"level":30,"msg":"Acquiring actors for session 1741579674: ACTOR1","time":"2025-03-10T04:07:53.928Z","v":0}
{"name":"1741579674","hostname":"DESKTOP-ATRG469","pid":3756,"level":30,"msg":"Session 1741579674 with label \"Session 1741579598 2\" started at 2025-03-10 04:07:53 UTC","time":"2025-03-10T04:07:53.929Z","v":0}
{"name":"1741579674","hostname":"DESKTOP-ATRG469","pid":3756,"level":30,"actorType":"ACTOR1","actorId":"48376","time":"2025-03-10T04:07:58.4776581Z","msg":"Actor 48376 of type ACTOR1 was acquired by test session 1741579674","v":0}
{"name":"1741579674","hostname":"DESKTOP-ATRG469","pid":3756,"level":20,"actorType":"ACTOR1","actorId":"48376","time":"2025-03-10T04:07:58.4886413Z","msg":"DEBUG: Test actor JAR versions:","v":0}
{"name":"1741579674","hostname":"DESKTOP-ATRG469","pid":3756,"level":20,"actorType":"ACTOR1","actorId":"48376","time":"2025-03-10T04:07:58.4896366Z","msg":"DEBUG:   opentest-appium-0.0.1.jar: 2022-02-25 10:58 -0600 0.0.1-50659ecda06a8b79a41f24c1fdff05187324402b-dirty","v":0}
{"name":"1741579674","hostname":"DESKTOP-ATRG469","pid":3756,"level":20,"actorType":"ACTOR1","actorId":"48376","time":"2025-03-10T04:07:58.4906488Z","msg":"DEBUG:   opentest-base-0.0.1.jar: 2022-02-25 10:58 -0600 0.0.1-50659ecda06a8b79a41f24c1fdff05187324402b-dirty","v":0}
{"name":"1741579674","hostname":"DESKTOP-ATRG469","pid":3756,"level":20,"actorType":"ACTOR1","actorId":"48376","time":"2025-03-10T04:07:58.4906488Z","msg":"DEBUG:   opentest-selenium-0.0.1.jar: 2022-02-25 10:58 -0600 0.0.1-50659ecda06a8b79a41f24c1fdff05187324402b-dirty","v":0}
{"name":"1741579674","hostname":"DESKTOP-ATRG469","pid":3756,"level":40,"actorType":"ACTOR1","actorId":"48376","time":"2025-03-10T04:07:58.4916446Z","msg":"WARN: Failed to log extension JARs","v":0}
{"name":"1741579674","hostname":"DESKTOP-ATRG469","pid":3756,"level":10,"actorType":"ACTOR1","actorId":"48376","time":"2025-03-10T04:07:58.4916446Z","msg":"TRACE: Firing SESSION_STARTED event...","v":0}
{"name":"1741579674","hostname":"DESKTOP-ATRG469","pid":3756,"level":30,"actorType":"ACTOR1","actorId":"48376","time":"2025-03-10T04:07:58.5436378Z","msg":"==================== ACTOR1: web/DemoBlaze/Caso1 ====================","v":0}
{"name":"1741579674","hostname":"DESKTOP-ATRG469","pid":3756,"level":30,"actorType":"ACTOR1","actorId":"48376","time":"2025-03-10T04:07:58.5436378Z","msg":"Actor ACTOR1 started executing test web/DemoBlaze/Caso1...","v":0}
{"name":"1741579674","hostname":"DESKTOP-ATRG469","pid":3756,"level":10,"actorType":"ACTOR1","actorId":"48376","time":"2025-03-10T04:07:58.5436378Z","msg":"TRACE: Firing TEST_STARTED event...","v":0}
{"name":"1741579674","hostname":"DESKTOP-ATRG469","pid":3756,"level":30,"actorType":"ACTOR1","actorId":"48376","time":"2025-03-10T04:07:58.5596357Z","msg":"Executing segment 1 of test web/DemoBlaze/Caso1...","v":0}
{"name":"1741579674","hostname":"DESKTOP-ATRG469","pid":3756,"level":30,"actorType":"ACTOR1","actorId":"48376","time":"2025-03-10T04:07:58.5596357Z","msg":"Evaluating action 1/1 (DemoBlaze.GoTo) in segment 1...","v":0}
{"name":"1741579674","hostname":"DESKTOP-ATRG469","pid":3756,"level":30,"actorType":"ACTOR1","actorId":"48376","time":"2025-03-10T04:07:58.5671522Z","msg":"Executing macro DemoBlaze/GoTo with arguments {\"website\":\"https://www.demoblaze.com/index.html\"}...","v":0}
{"name":"1741579674","hostname":"DESKTOP-ATRG469","pid":3756,"level":30,"actorType":"ACTOR1","actorId":"48376","time":"2025-03-10T04:07:58.5671522Z","msg":"Evaluating action 1/2 in macro DemoBlaze/GoTo (Navigate to the wiki page)...","v":0}
{"name":"1741579674","hostname":"DESKTOP-ATRG469","pid":3756,"level":10,"actorType":"ACTOR1","actorId":"48376","time":"2025-03-10T04:07:58.570153Z","msg":"TRACE: Initializing action org.getopentest.selenium.NavigateTo...","v":0}
{"name":"1741579674","hostname":"DESKTOP-ATRG469","pid":3756,"level":30,"actorType":"ACTOR1","actorId":"48376","time":"2025-03-10T04:07:58.5711511Z","msg":"Using local Selenium server","v":0}
{"name":"1741579674","hostname":"DESKTOP-ATRG469","pid":3756,"level":10,"actorType":"ACTOR1","actorId":"48376","time":"2025-03-10T04:07:58.5711511Z","msg":"TRACE: Setting system property \"webdriver.chrome.driver\" to \"C:/Users/casa/Documents/opentest/forza/driver/chromedriver.exe\"","v":0}
{"name":"1741579674","hostname":"DESKTOP-ATRG469","pid":3756,"level":30,"actorType":"ACTOR1","actorId":"48376","time":"2025-03-10T04:07:59.2006284Z","msg":"Executing action org.getopentest.selenium.NavigateTo with arguments {\"url\":\"https://www.demoblaze.com/index.html\"}...","v":0}
{"name":"1741579674","hostname":"DESKTOP-ATRG469","pid":3756,"level":30,"actorType":"ACTOR1","actorId":"48376","time":"2025-03-10T04:07:59.9089869Z","msg":"Evaluating action 2/2 in macro DemoBlaze/GoTo...","v":0}
{"name":"1741579674","hostname":"DESKTOP-ATRG469","pid":3756,"level":10,"actorType":"ACTOR1","actorId":"48376","time":"2025-03-10T04:07:59.9099865Z","msg":"TRACE: Initializing action org.getopentest.base.ScriptAction...","v":0}
{"name":"1741579674","hostname":"DESKTOP-ATRG469","pid":3756,"level":30,"actorType":"ACTOR1","actorId":"48376","time":"2025-03-10T04:07:59.9099865Z","msg":"Executing action org.getopentest.base.ScriptAction (no arguments were provided)...","v":0}
{"name":"1741579674","hostname":"DESKTOP-ATRG469","pid":3756,"level":30,"actorType":"ACTOR1","actorId":"48376","time":"2025-03-10T04:08:02.4637571Z","msg":"Test session has completed","v":0}
{"name":"1741579674","hostname":"DESKTOP-ATRG469","pid":3756,"level":10,"actorType":"ACTOR1","actorId":"48376","time":"2025-03-10T04:08:02.4637571Z","msg":"TRACE: Firing TEST_COMPLETED event...","v":0}
{"name":"1741579674","hostname":"DESKTOP-ATRG469","pid":3756,"level":10,"actorType":"ACTOR1","actorId":"48376","time":"2025-03-10T04:08:02.6023396Z","msg":"TRACE: Firing SESSION_COMPLETED event...","v":0}
{"name":"1741579674","hostname":"DESKTOP-ATRG469","pid":3756,"level":30,"actorType":"ACTOR1","actorId":"48376","time":"2025-03-10T04:08:02.6033473Z","msg":"Actor 48376 of type ACTOR1 with no tags is waiting to be acquired by a test session...","v":0}
{"name":"1741579674","hostname":"DESKTOP-ATRG469","pid":3756,"level":10,"actorType":"ACTOR1","actorId":"48376","time":"2025-03-10T04:16:24.8783782Z","msg":"TRACE: Initializing test session information in the \"announce\" method...","v":0}
{"name":"1741579674","hostname":"DESKTOP-ATRG469","pid":3756,"level":10,"actorType":"ACTOR1","actorId":"48376","time":"2025-03-10T04:16:24.8793799Z","msg":"TRACE: Session ID in sync server response was 1741580181; actor session ID was null","v":0}
