{"name":"1741641666","hostname":"DESKTOP-ATRG469","pid":8464,"level":20,"msg":"Sync server version: 1.3.8 2022-02-25 10:58:11 -0600 50659ecda06a8b79a41f24c1fdff05187324402b","time":"2025-03-10T21:21:05.798Z","v":0}
{"name":"1741641666","hostname":"DESKTOP-ATRG469","pid":8464,"level":30,"msg":"Acquiring actors for session 1741641666: ACTOR1","time":"2025-03-10T21:21:05.799Z","v":0}
{"name":"1741641666","hostname":"DESKTOP-ATRG469","pid":8464,"level":30,"msg":"Session 1741641666 with label \"null\" started at 2025-03-10 21:21:05 UTC","time":"2025-03-10T21:21:05.800Z","v":0}
{"name":"1741641666","hostname":"DESKTOP-ATRG469","pid":8464,"level":30,"actorType":"ACTOR1","actorId":"51646","time":"2025-03-10T21:21:08.4892271Z","msg":"Actor 51646 of type ACTOR1 was acquired by test session 1741641666","v":0}
{"name":"1741641666","hostname":"DESKTOP-ATRG469","pid":8464,"level":20,"actorType":"ACTOR1","actorId":"51646","time":"2025-03-10T21:21:08.4992102Z","msg":"DEBUG: Test actor JAR versions:","v":0}
{"name":"1741641666","hostname":"DESKTOP-ATRG469","pid":8464,"level":20,"actorType":"ACTOR1","actorId":"51646","time":"2025-03-10T21:21:08.5002096Z","msg":"DEBUG:   opentest-appium-0.0.1.jar: 2022-02-25 10:58 -0600 0.0.1-50659ecda06a8b79a41f24c1fdff05187324402b-dirty","v":0}
{"name":"1741641666","hostname":"DESKTOP-ATRG469","pid":8464,"level":20,"actorType":"ACTOR1","actorId":"51646","time":"2025-03-10T21:21:08.5002096Z","msg":"DEBUG:   opentest-base-0.0.1.jar: 2022-02-25 10:58 -0600 0.0.1-50659ecda06a8b79a41f24c1fdff05187324402b-dirty","v":0}
{"name":"1741641666","hostname":"DESKTOP-ATRG469","pid":8464,"level":20,"actorType":"ACTOR1","actorId":"51646","time":"2025-03-10T21:21:08.5012128Z","msg":"DEBUG:   opentest-selenium-0.0.1.jar: 2022-02-25 10:58 -0600 0.0.1-50659ecda06a8b79a41f24c1fdff05187324402b-dirty","v":0}
{"name":"1741641666","hostname":"DESKTOP-ATRG469","pid":8464,"level":40,"actorType":"ACTOR1","actorId":"51646","time":"2025-03-10T21:21:08.5012128Z","msg":"WARN: Failed to log extension JARs","v":0}
{"name":"1741641666","hostname":"DESKTOP-ATRG469","pid":8464,"level":10,"actorType":"ACTOR1","actorId":"51646","time":"2025-03-10T21:21:08.5012128Z","msg":"TRACE: Firing SESSION_STARTED event...","v":0}
{"name":"1741641666","hostname":"DESKTOP-ATRG469","pid":8464,"level":30,"actorType":"ACTOR1","actorId":"51646","time":"2025-03-10T21:21:08.5222101Z","msg":"==================== ACTOR1: web/DemoBlaze/Caso4 ====================","v":0}
{"name":"1741641666","hostname":"DESKTOP-ATRG469","pid":8464,"level":30,"actorType":"ACTOR1","actorId":"51646","time":"2025-03-10T21:21:08.5222101Z","msg":"Actor ACTOR1 started executing test web/DemoBlaze/Caso4...","v":0}
{"name":"1741641666","hostname":"DESKTOP-ATRG469","pid":8464,"level":10,"actorType":"ACTOR1","actorId":"51646","time":"2025-03-10T21:21:08.5222101Z","msg":"TRACE: Firing TEST_STARTED event...","v":0}
{"name":"1741641666","hostname":"DESKTOP-ATRG469","pid":8464,"level":30,"actorType":"ACTOR1","actorId":"51646","time":"2025-03-10T21:21:08.5422103Z","msg":"Executing segment 1 of test web/DemoBlaze/Caso4...","v":0}
{"name":"1741641666","hostname":"DESKTOP-ATRG469","pid":8464,"level":30,"actorType":"ACTOR1","actorId":"51646","time":"2025-03-10T21:21:08.5432106Z","msg":"Evaluating action 1/3 (DemoBlaze.GoTo) in segment 1...","v":0}
{"name":"1741641666","hostname":"DESKTOP-ATRG469","pid":8464,"level":30,"actorType":"ACTOR1","actorId":"51646","time":"2025-03-10T21:21:08.5472103Z","msg":"Executing macro DemoBlaze/GoTo with arguments {\"website\":\"https://www.demoblaze.com/index.html\"}...","v":0}
{"name":"1741641666","hostname":"DESKTOP-ATRG469","pid":8464,"level":30,"actorType":"ACTOR1","actorId":"51646","time":"2025-03-10T21:21:08.5472103Z","msg":"Evaluating action 1/2 in macro DemoBlaze/GoTo (Navigate to the wiki page)...","v":0}
{"name":"1741641666","hostname":"DESKTOP-ATRG469","pid":8464,"level":10,"actorType":"ACTOR1","actorId":"51646","time":"2025-03-10T21:21:08.5482097Z","msg":"TRACE: Initializing action org.getopentest.selenium.NavigateTo...","v":0}
{"name":"1741641666","hostname":"DESKTOP-ATRG469","pid":8464,"level":30,"actorType":"ACTOR1","actorId":"51646","time":"2025-03-10T21:21:08.5482097Z","msg":"Using local Selenium server","v":0}
{"name":"1741641666","hostname":"DESKTOP-ATRG469","pid":8464,"level":10,"actorType":"ACTOR1","actorId":"51646","time":"2025-03-10T21:21:08.549211Z","msg":"TRACE: Setting system property \"webdriver.chrome.driver\" to \"C:/Users/casa/Documents/opentest/forza/driver/chromedriver.exe\"","v":0}
{"name":"1741641666","hostname":"DESKTOP-ATRG469","pid":8464,"level":30,"actorType":"ACTOR1","actorId":"51646","time":"2025-03-10T21:21:09.228885Z","msg":"Executing action org.getopentest.selenium.NavigateTo with arguments {\"url\":\"https://www.demoblaze.com/index.html\"}...","v":0}
{"name":"1741641666","hostname":"DESKTOP-ATRG469","pid":8464,"level":30,"actorType":"ACTOR1","actorId":"51646","time":"2025-03-10T21:21:11.3615333Z","msg":"Evaluating action 2/2 in macro DemoBlaze/GoTo...","v":0}
{"name":"1741641666","hostname":"DESKTOP-ATRG469","pid":8464,"level":10,"actorType":"ACTOR1","actorId":"51646","time":"2025-03-10T21:21:11.3615333Z","msg":"TRACE: Initializing action org.getopentest.base.ScriptAction...","v":0}
{"name":"1741641666","hostname":"DESKTOP-ATRG469","pid":8464,"level":30,"actorType":"ACTOR1","actorId":"51646","time":"2025-03-10T21:21:11.3615333Z","msg":"Executing action org.getopentest.base.ScriptAction (no arguments were provided)...","v":0}
{"name":"1741641666","hostname":"DESKTOP-ATRG469","pid":8464,"level":30,"actorType":"ACTOR1","actorId":"51646","time":"2025-03-10T21:21:16.3684722Z","msg":"Evaluating action 2/3 (DemoBlaze.ChooseNavOption) in segment 1...","v":0}
{"name":"1741641666","hostname":"DESKTOP-ATRG469","pid":8464,"level":30,"actorType":"ACTOR1","actorId":"51646","time":"2025-03-10T21:21:16.382485Z","msg":"Executing macro DemoBlaze/ChooseNavOption with arguments {\"item\":\"Sign up\"}...","v":0}
{"name":"1741641666","hostname":"DESKTOP-ATRG469","pid":8464,"level":30,"actorType":"ACTOR1","actorId":"51646","time":"2025-03-10T21:21:16.382485Z","msg":"Evaluating action 1/1 in macro DemoBlaze/ChooseNavOption...","v":0}
{"name":"1741641666","hostname":"DESKTOP-ATRG469","pid":8464,"level":10,"actorType":"ACTOR1","actorId":"51646","time":"2025-03-10T21:21:16.382485Z","msg":"TRACE: Initializing action org.getopentest.base.ScriptAction...","v":0}
{"name":"1741641666","hostname":"DESKTOP-ATRG469","pid":8464,"level":30,"actorType":"ACTOR1","actorId":"51646","time":"2025-03-10T21:21:16.3834798Z","msg":"Executing action org.getopentest.base.ScriptAction (no arguments were provided)...","v":0}
{"name":"1741641666","hostname":"DESKTOP-ATRG469","pid":8464,"level":10,"actorType":"ACTOR1","actorId":"51646","time":"2025-03-10T21:21:18.4137544Z","msg":"TRACE: Initializing action org.getopentest.selenium.ExecuteScript...","v":0}
{"name":"1741641666","hostname":"DESKTOP-ATRG469","pid":8464,"level":30,"actorType":"ACTOR1","actorId":"51646","time":"2025-03-10T21:21:18.414754Z","msg":"Executing action org.getopentest.selenium.ExecuteScript with arguments {\"script\":\"var element = document.evaluate('//ul/li/a[text()=\\\"Sign up\\\"]', document, null, XPathResult.FIRST_ORDERED_NODE_TYPE, null).singleNodeValue;if (element) {element.click();}\"}...","v":0}
{"name":"1741641666","hostname":"DESKTOP-ATRG469","pid":8464,"level":20,"actorType":"ACTOR1","actorId":"51646","time":"2025-03-10T21:21:18.4527553Z","msg":"DEBUG: The output values from action org.getopentest.selenium.ExecuteScript were: \n\t>>>>> result = null","v":0}
{"name":"1741641666","hostname":"DESKTOP-ATRG469","pid":8464,"level":30,"actorType":"ACTOR1","actorId":"51646","time":"2025-03-10T21:21:19.4559316Z","msg":"Evaluating action 3/3 (DemoBlaze.SignUp) in segment 1...","v":0}
{"name":"1741641666","hostname":"DESKTOP-ATRG469","pid":8464,"level":30,"actorType":"ACTOR1","actorId":"51646","time":"2025-03-10T21:21:19.4609316Z","msg":"Executing macro DemoBlaze/SignUp with arguments {\"password\":\"asd$$1\",\"username\":\"ewar1234\"}...","v":0}
{"name":"1741641666","hostname":"DESKTOP-ATRG469","pid":8464,"level":30,"actorType":"ACTOR1","actorId":"51646","time":"2025-03-10T21:21:19.4609316Z","msg":"Evaluating action 1/1 in macro DemoBlaze/SignUp...","v":0}
{"name":"1741641666","hostname":"DESKTOP-ATRG469","pid":8464,"level":10,"actorType":"ACTOR1","actorId":"51646","time":"2025-03-10T21:21:19.461932Z","msg":"TRACE: Initializing action org.getopentest.base.ScriptAction...","v":0}
{"name":"1741641666","hostname":"DESKTOP-ATRG469","pid":8464,"level":30,"actorType":"ACTOR1","actorId":"51646","time":"2025-03-10T21:21:19.461932Z","msg":"Executing action org.getopentest.base.ScriptAction (no arguments were provided)...","v":0}
{"name":"1741641666","hostname":"DESKTOP-ATRG469","pid":8464,"level":10,"actorType":"ACTOR1","actorId":"51646","time":"2025-03-10T21:21:19.4729396Z","msg":"TRACE: Initializing action org.getopentest.selenium.SendKeys...","v":0}
{"name":"1741641666","hostname":"DESKTOP-ATRG469","pid":8464,"level":30,"actorType":"ACTOR1","actorId":"51646","time":"2025-03-10T21:21:19.4729396Z","msg":"Executing action org.getopentest.selenium.SendKeys with arguments {\"locator\":{\"xpath\":\"(//div[label[text()='Username:']]/input)[1]\"},\"text\":\"ewar1234\"}...","v":0}
{"name":"1741641666","hostname":"DESKTOP-ATRG469","pid":8464,"level":10,"actorType":"ACTOR1","actorId":"51646","time":"2025-03-10T21:21:19.6138938Z","msg":"TRACE: Initializing action org.getopentest.selenium.SendKeys...","v":0}
{"name":"1741641666","hostname":"DESKTOP-ATRG469","pid":8464,"level":30,"actorType":"ACTOR1","actorId":"51646","time":"2025-03-10T21:21:19.6148924Z","msg":"Executing action org.getopentest.selenium.SendKeys with arguments {\"locator\":{\"xpath\":\"(//div[label[text()='Password:']]/input)[1]\"},\"text\":\"asd$$1\"}...","v":0}
{"name":"1741641666","hostname":"DESKTOP-ATRG469","pid":8464,"level":10,"actorType":"ACTOR1","actorId":"51646","time":"2025-03-10T21:21:19.7159043Z","msg":"TRACE: Initializing action org.getopentest.selenium.Click...","v":0}
{"name":"1741641666","hostname":"DESKTOP-ATRG469","pid":8464,"level":30,"actorType":"ACTOR1","actorId":"51646","time":"2025-03-10T21:21:19.716904Z","msg":"Executing action org.getopentest.selenium.Click with arguments {\"locator\":{\"xpath\":\"(//div/button[text()='Sign up'])[1]\"}}...","v":0}
{"name":"1741641666","hostname":"DESKTOP-ATRG469","pid":8464,"level":10,"actorType":"ACTOR1","actorId":"51646","time":"2025-03-10T21:21:19.8179044Z","msg":"TRACE: Initializing action org.getopentest.selenium.HandleModal...","v":0}
{"name":"1741641666","hostname":"DESKTOP-ATRG469","pid":8464,"level":30,"actorType":"ACTOR1","actorId":"51646","time":"2025-03-10T21:21:19.8179044Z","msg":"Executing action org.getopentest.selenium.HandleModal with arguments {\"perform\":\"getText\"}...","v":0}
{"name":"1741641666","hostname":"DESKTOP-ATRG469","pid":8464,"level":20,"actorType":"ACTOR1","actorId":"51646","time":"2025-03-10T21:21:20.3475686Z","msg":"DEBUG: The output values from action org.getopentest.selenium.HandleModal were: \n\t>>>>> text = \"This user already exist.\"","v":0}
{"name":"1741641666","hostname":"DESKTOP-ATRG469","pid":8464,"level":30,"actorType":"ACTOR1","actorId":"51646","time":"2025-03-10T21:21:20.3505747Z","msg":"The dialog box said: This user already exist.","v":0}
{"name":"1741641666","hostname":"DESKTOP-ATRG469","pid":8464,"level":50,"actorType":"ACTOR1","actorId":"51646","time":"2025-03-10T21:21:20.3545799Z","msg":"ERROR: java.lang.Exception: Failed executing test web/DemoBlaze/Caso4, segment 1\r\n\tat org.getopentest.base.TestActor.executeTestSegment(TestActor.java:2208)\r\n\tat org.getopentest.base.TestActor.runOneSession(TestActor.java:3077)\r\n\tat org.getopentest.base.TestActor.runOneSession(TestActor.java:3113)\r\n\tat org.getopentest.Main.main(Main.java:20)\r\nCaused by: java.lang.RuntimeException: The action was failed intentionally using the $fail() function. The user-defined message was: \"NO se creo la cuenta o el mensaje cambio.\".\r\n\tat org.getopentest.base.TestActor.executeTestSegment(TestActor.java:2118)\r\n\t... 3 more\r\n","v":0}
{"name":"1741641666","hostname":"DESKTOP-ATRG469","pid":8464,"level":30,"actorType":"ACTOR1","actorId":"51646","time":"2025-03-10T21:21:20.8804009Z","msg":"Test session has completed","v":0}
{"name":"1741641666","hostname":"DESKTOP-ATRG469","pid":8464,"level":10,"actorType":"ACTOR1","actorId":"51646","time":"2025-03-10T21:21:20.8804009Z","msg":"TRACE: Firing TEST_COMPLETED event...","v":0}
{"name":"1741641666","hostname":"DESKTOP-ATRG469","pid":8464,"level":10,"actorType":"ACTOR1","actorId":"51646","time":"2025-03-10T21:21:21.0102294Z","msg":"TRACE: Firing SESSION_COMPLETED event...","v":0}
{"name":"1741641666","hostname":"DESKTOP-ATRG469","pid":8464,"level":30,"actorType":"ACTOR1","actorId":"51646","time":"2025-03-10T21:21:21.0102294Z","msg":"Actor 51646 of type ACTOR1 with no tags is waiting to be acquired by a test session...","v":0}
{"name":"1741641666","hostname":"DESKTOP-ATRG469","pid":8464,"level":10,"actorType":"ACTOR1","actorId":"51646","time":"2025-03-10T21:22:58.5945232Z","msg":"TRACE: Initializing test session information in the \"announce\" method...","v":0}
{"name":"1741641666","hostname":"DESKTOP-ATRG469","pid":8464,"level":10,"actorType":"ACTOR1","actorId":"51646","time":"2025-03-10T21:22:58.5945232Z","msg":"TRACE: Session ID in sync server response was 1741641777; actor session ID was null","v":0}
