{"name":"1741652474","hostname":"DESKTOP-ATRG469","pid":24684,"level":20,"msg":"Sync server version: 1.3.8 2022-02-25 10:58:11 -0600 50659ecda06a8b79a41f24c1fdff05187324402b","time":"2025-03-11T00:21:13.645Z","v":0}
{"name":"1741652474","hostname":"DESKTOP-ATRG469","pid":24684,"level":30,"msg":"Acquiring actors for session 1741652474: ACTOR1","time":"2025-03-11T00:21:13.646Z","v":0}
{"name":"1741652474","hostname":"DESKTOP-ATRG469","pid":24684,"level":30,"msg":"Session 1741652474 with label \"Session 1741652089 4\" started at 2025-03-11 00:21:13 UTC","time":"2025-03-11T00:21:13.647Z","v":0}
{"name":"1741652474","hostname":"DESKTOP-ATRG469","pid":24684,"level":30,"actorType":"ACTOR1","actorId":"25007","time":"2025-03-11T00:21:18.2058588Z","msg":"Actor 25007 of type ACTOR1 was acquired by test session 1741652474","v":0}
{"name":"1741652474","hostname":"DESKTOP-ATRG469","pid":24684,"level":20,"actorType":"ACTOR1","actorId":"25007","time":"2025-03-11T00:21:18.2117321Z","msg":"DEBUG: Test actor JAR versions:","v":0}
{"name":"1741652474","hostname":"DESKTOP-ATRG469","pid":24684,"level":20,"actorType":"ACTOR1","actorId":"25007","time":"2025-03-11T00:21:18.212685Z","msg":"DEBUG:   opentest-appium-0.0.1.jar: 2022-02-25 10:58 -0600 0.0.1-50659ecda06a8b79a41f24c1fdff05187324402b-dirty","v":0}
{"name":"1741652474","hostname":"DESKTOP-ATRG469","pid":24684,"level":20,"actorType":"ACTOR1","actorId":"25007","time":"2025-03-11T00:21:18.212685Z","msg":"DEBUG:   opentest-base-0.0.1.jar: 2022-02-25 10:58 -0600 0.0.1-50659ecda06a8b79a41f24c1fdff05187324402b-dirty","v":0}
{"name":"1741652474","hostname":"DESKTOP-ATRG469","pid":24684,"level":20,"actorType":"ACTOR1","actorId":"25007","time":"2025-03-11T00:21:18.2136922Z","msg":"DEBUG:   opentest-selenium-0.0.1.jar: 2022-02-25 10:58 -0600 0.0.1-50659ecda06a8b79a41f24c1fdff05187324402b-dirty","v":0}
{"name":"1741652474","hostname":"DESKTOP-ATRG469","pid":24684,"level":40,"actorType":"ACTOR1","actorId":"25007","time":"2025-03-11T00:21:18.2136922Z","msg":"WARN: Failed to log extension JARs","v":0}
{"name":"1741652474","hostname":"DESKTOP-ATRG469","pid":24684,"level":10,"actorType":"ACTOR1","actorId":"25007","time":"2025-03-11T00:21:18.2136922Z","msg":"TRACE: Firing SESSION_STARTED event...","v":0}
{"name":"1741652474","hostname":"DESKTOP-ATRG469","pid":24684,"level":30,"actorType":"ACTOR1","actorId":"25007","time":"2025-03-11T00:21:18.2336921Z","msg":"==================== ACTOR1: web/DemoBlaze/Caso8 ====================","v":0}
{"name":"1741652474","hostname":"DESKTOP-ATRG469","pid":24684,"level":30,"actorType":"ACTOR1","actorId":"25007","time":"2025-03-11T00:21:18.2336921Z","msg":"Actor ACTOR1 started executing test web/DemoBlaze/Caso8...","v":0}
{"name":"1741652474","hostname":"DESKTOP-ATRG469","pid":24684,"level":10,"actorType":"ACTOR1","actorId":"25007","time":"2025-03-11T00:21:18.2336921Z","msg":"TRACE: Firing TEST_STARTED event...","v":0}
{"name":"1741652474","hostname":"DESKTOP-ATRG469","pid":24684,"level":30,"actorType":"ACTOR1","actorId":"25007","time":"2025-03-11T00:21:18.2556914Z","msg":"Executing segment 1 of test web/DemoBlaze/Caso8...","v":0}
{"name":"1741652474","hostname":"DESKTOP-ATRG469","pid":24684,"level":30,"actorType":"ACTOR1","actorId":"25007","time":"2025-03-11T00:21:18.2556914Z","msg":"Evaluating action 1/3 (DemoBlaze.GoTo) in segment 1...","v":0}
{"name":"1741652474","hostname":"DESKTOP-ATRG469","pid":24684,"level":30,"actorType":"ACTOR1","actorId":"25007","time":"2025-03-11T00:21:18.2616907Z","msg":"Executing macro DemoBlaze/GoTo with arguments {\"website\":\"https://www.demoblaze.com/index.html\"}...","v":0}
{"name":"1741652474","hostname":"DESKTOP-ATRG469","pid":24684,"level":30,"actorType":"ACTOR1","actorId":"25007","time":"2025-03-11T00:21:18.2616907Z","msg":"Evaluating action 1/2 in macro DemoBlaze/GoTo (Navigate to the wiki page)...","v":0}
{"name":"1741652474","hostname":"DESKTOP-ATRG469","pid":24684,"level":10,"actorType":"ACTOR1","actorId":"25007","time":"2025-03-11T00:21:18.2636917Z","msg":"TRACE: Initializing action org.getopentest.selenium.NavigateTo...","v":0}
{"name":"1741652474","hostname":"DESKTOP-ATRG469","pid":24684,"level":30,"actorType":"ACTOR1","actorId":"25007","time":"2025-03-11T00:21:18.2636917Z","msg":"Using local Selenium server","v":0}
{"name":"1741652474","hostname":"DESKTOP-ATRG469","pid":24684,"level":10,"actorType":"ACTOR1","actorId":"25007","time":"2025-03-11T00:21:18.2636917Z","msg":"TRACE: Setting system property \"webdriver.chrome.driver\" to \"C:/Users/casa/Documents/opentest/forza/driver/chromedriver.exe\"","v":0}
{"name":"1741652474","hostname":"DESKTOP-ATRG469","pid":24684,"level":30,"actorType":"ACTOR1","actorId":"25007","time":"2025-03-11T00:21:18.8767814Z","msg":"Executing action org.getopentest.selenium.NavigateTo with arguments {\"url\":\"https://www.demoblaze.com/index.html\"}...","v":0}
{"name":"1741652474","hostname":"DESKTOP-ATRG469","pid":24684,"level":30,"actorType":"ACTOR1","actorId":"25007","time":"2025-03-11T00:21:21.1568916Z","msg":"Evaluating action 2/2 in macro DemoBlaze/GoTo...","v":0}
{"name":"1741652474","hostname":"DESKTOP-ATRG469","pid":24684,"level":10,"actorType":"ACTOR1","actorId":"25007","time":"2025-03-11T00:21:21.1568916Z","msg":"TRACE: Initializing action org.getopentest.base.ScriptAction...","v":0}
{"name":"1741652474","hostname":"DESKTOP-ATRG469","pid":24684,"level":30,"actorType":"ACTOR1","actorId":"25007","time":"2025-03-11T00:21:21.1568916Z","msg":"Executing action org.getopentest.base.ScriptAction (no arguments were provided)...","v":0}
{"name":"1741652474","hostname":"DESKTOP-ATRG469","pid":24684,"level":30,"actorType":"ACTOR1","actorId":"25007","time":"2025-03-11T00:21:26.1644465Z","msg":"Evaluating action 2/3 (DemoBlaze.ChooseNavOption) in segment 1...","v":0}
{"name":"1741652474","hostname":"DESKTOP-ATRG469","pid":24684,"level":30,"actorType":"ACTOR1","actorId":"25007","time":"2025-03-11T00:21:26.1744473Z","msg":"Executing macro DemoBlaze/ChooseNavOption with arguments {\"item\":\"Log in\"}...","v":0}
{"name":"1741652474","hostname":"DESKTOP-ATRG469","pid":24684,"level":30,"actorType":"ACTOR1","actorId":"25007","time":"2025-03-11T00:21:26.1744473Z","msg":"Evaluating action 1/1 in macro DemoBlaze/ChooseNavOption...","v":0}
{"name":"1741652474","hostname":"DESKTOP-ATRG469","pid":24684,"level":10,"actorType":"ACTOR1","actorId":"25007","time":"2025-03-11T00:21:26.1744473Z","msg":"TRACE: Initializing action org.getopentest.base.ScriptAction...","v":0}
{"name":"1741652474","hostname":"DESKTOP-ATRG469","pid":24684,"level":30,"actorType":"ACTOR1","actorId":"25007","time":"2025-03-11T00:21:26.1754487Z","msg":"Executing action org.getopentest.base.ScriptAction (no arguments were provided)...","v":0}
{"name":"1741652474","hostname":"DESKTOP-ATRG469","pid":24684,"level":10,"actorType":"ACTOR1","actorId":"25007","time":"2025-03-11T00:21:28.2111062Z","msg":"TRACE: Initializing action org.getopentest.selenium.ExecuteScript...","v":0}
{"name":"1741652474","hostname":"DESKTOP-ATRG469","pid":24684,"level":30,"actorType":"ACTOR1","actorId":"25007","time":"2025-03-11T00:21:28.2121065Z","msg":"Executing action org.getopentest.selenium.ExecuteScript with arguments {\"script\":\"var element = document.evaluate('//ul/li/a[text()=\\\"Log in\\\"]', document, null, XPathResult.FIRST_ORDERED_NODE_TYPE, null).singleNodeValue;if (element) {element.click();} else { console.log('error elemento no encontrado.'); }\"}...","v":0}
{"name":"1741652474","hostname":"DESKTOP-ATRG469","pid":24684,"level":20,"actorType":"ACTOR1","actorId":"25007","time":"2025-03-11T00:21:28.2620497Z","msg":"DEBUG: The output values from action org.getopentest.selenium.ExecuteScript were: \n\t>>>>> result = null","v":0}
{"name":"1741652474","hostname":"DESKTOP-ATRG469","pid":24684,"level":30,"actorType":"ACTOR1","actorId":"25007","time":"2025-03-11T00:21:28.2650479Z","msg":"resultado clic: null","v":0}
{"name":"1741652474","hostname":"DESKTOP-ATRG469","pid":24684,"level":30,"actorType":"ACTOR1","actorId":"25007","time":"2025-03-11T00:21:29.2728818Z","msg":"Evaluating action 3/3 (DemoBlaze.Login) in segment 1...","v":0}
{"name":"1741652474","hostname":"DESKTOP-ATRG469","pid":24684,"level":30,"actorType":"ACTOR1","actorId":"25007","time":"2025-03-11T00:21:29.2758811Z","msg":"Executing macro DemoBlaze/Login with arguments {\"password\":\"cherrera45\",\"username\":\"cherrera45\"}...","v":0}
{"name":"1741652474","hostname":"DESKTOP-ATRG469","pid":24684,"level":30,"actorType":"ACTOR1","actorId":"25007","time":"2025-03-11T00:21:29.2768829Z","msg":"Evaluating action 1/1 in macro DemoBlaze/Login...","v":0}
{"name":"1741652474","hostname":"DESKTOP-ATRG469","pid":24684,"level":10,"actorType":"ACTOR1","actorId":"25007","time":"2025-03-11T00:21:29.2768829Z","msg":"TRACE: Initializing action org.getopentest.base.ScriptAction...","v":0}
{"name":"1741652474","hostname":"DESKTOP-ATRG469","pid":24684,"level":30,"actorType":"ACTOR1","actorId":"25007","time":"2025-03-11T00:21:29.2768829Z","msg":"Executing action org.getopentest.base.ScriptAction (no arguments were provided)...","v":0}
{"name":"1741652474","hostname":"DESKTOP-ATRG469","pid":24684,"level":10,"actorType":"ACTOR1","actorId":"25007","time":"2025-03-11T00:21:29.2908835Z","msg":"TRACE: Initializing action org.getopentest.selenium.SendKeys...","v":0}
{"name":"1741652474","hostname":"DESKTOP-ATRG469","pid":24684,"level":30,"actorType":"ACTOR1","actorId":"25007","time":"2025-03-11T00:21:29.2908835Z","msg":"Executing action org.getopentest.selenium.SendKeys with arguments {\"locator\":{\"xpath\":\"(//div[label[text()='Username:']]/input)[2]\"},\"text\":\"cherrera45\"}...","v":0}
{"name":"1741652474","hostname":"DESKTOP-ATRG469","pid":24684,"level":10,"actorType":"ACTOR1","actorId":"25007","time":"2025-03-11T00:21:29.4178806Z","msg":"TRACE: Initializing action org.getopentest.selenium.SendKeys...","v":0}
{"name":"1741652474","hostname":"DESKTOP-ATRG469","pid":24684,"level":30,"actorType":"ACTOR1","actorId":"25007","time":"2025-03-11T00:21:29.4178806Z","msg":"Executing action org.getopentest.selenium.SendKeys with arguments {\"locator\":{\"xpath\":\"(//div[label[text()='Password:']]/input)[2]\"},\"text\":\"cherrera45\"}...","v":0}
{"name":"1741652474","hostname":"DESKTOP-ATRG469","pid":24684,"level":10,"actorType":"ACTOR1","actorId":"25007","time":"2025-03-11T00:21:29.5108815Z","msg":"TRACE: Initializing action org.getopentest.selenium.Click...","v":0}
{"name":"1741652474","hostname":"DESKTOP-ATRG469","pid":24684,"level":30,"actorType":"ACTOR1","actorId":"25007","time":"2025-03-11T00:21:29.5108815Z","msg":"Executing action org.getopentest.selenium.Click with arguments {\"locator\":{\"xpath\":\"(//div/button[text()='Log in'])[1]\"}}...","v":0}
{"name":"1741652474","hostname":"DESKTOP-ATRG469","pid":24684,"level":10,"actorType":"ACTOR1","actorId":"25007","time":"2025-03-11T00:21:29.6118818Z","msg":"TRACE: Initializing action org.getopentest.selenium.AssertElementVisible...","v":0}
{"name":"1741652474","hostname":"DESKTOP-ATRG469","pid":24684,"level":30,"actorType":"ACTOR1","actorId":"25007","time":"2025-03-11T00:21:29.6128812Z","msg":"Executing action org.getopentest.selenium.AssertElementVisible with arguments {\"locator\":{\"xpath\":\"//li/a[text()='Welcome cherrera45']\"}}...","v":0}
{"name":"1741652474","hostname":"DESKTOP-ATRG469","pid":24684,"level":30,"actorType":"ACTOR1","actorId":"25007","time":"2025-03-11T00:21:31.2596488Z","msg":"Test session has completed","v":0}
{"name":"1741652474","hostname":"DESKTOP-ATRG469","pid":24684,"level":10,"actorType":"ACTOR1","actorId":"25007","time":"2025-03-11T00:21:31.2606472Z","msg":"TRACE: Firing TEST_COMPLETED event...","v":0}
{"name":"1741652474","hostname":"DESKTOP-ATRG469","pid":24684,"level":10,"actorType":"ACTOR1","actorId":"25007","time":"2025-03-11T00:21:32.3898032Z","msg":"TRACE: Firing SESSION_COMPLETED event...","v":0}
{"name":"1741652474","hostname":"DESKTOP-ATRG469","pid":24684,"level":30,"actorType":"ACTOR1","actorId":"25007","time":"2025-03-11T00:21:32.3908084Z","msg":"Actor 25007 of type ACTOR1 with no tags is waiting to be acquired by a test session...","v":0}
{"name":"1741652474","hostname":"DESKTOP-ATRG469","pid":24684,"level":10,"actorType":"ACTOR1","actorId":"25007","time":"2025-03-11T00:22:32.996954Z","msg":"TRACE: Initializing test session information in the \"announce\" method...","v":0}
{"name":"1741652474","hostname":"DESKTOP-ATRG469","pid":24684,"level":10,"actorType":"ACTOR1","actorId":"25007","time":"2025-03-11T00:22:32.996954Z","msg":"TRACE: Session ID in sync server response was 1741652551; actor session ID was null","v":0}
