{"name":"1741580181","hostname":"DESKTOP-ATRG469","pid":3756,"level":20,"msg":"Sync server version: 1.3.8 2022-02-25 10:58:11 -0600 50659ecda06a8b79a41f24c1fdff05187324402b","time":"2025-03-10T04:16:21.202Z","v":0}
{"name":"1741580181","hostname":"DESKTOP-ATRG469","pid":3756,"level":30,"msg":"Acquiring actors for session 1741580181: ACTOR1","time":"2025-03-10T04:16:21.203Z","v":0}
{"name":"1741580181","hostname":"DESKTOP-ATRG469","pid":3756,"level":30,"msg":"Session 1741580181 with label \"Session 1741579598 3\" started at 2025-03-10 04:16:21 UTC","time":"2025-03-10T04:16:21.204Z","v":0}
{"name":"1741580181","hostname":"DESKTOP-ATRG469","pid":3756,"level":30,"actorType":"ACTOR1","actorId":"48376","time":"2025-03-10T04:16:25.3088272Z","msg":"Actor 48376 of type ACTOR1 was acquired by test session 1741580181","v":0}
{"name":"1741580181","hostname":"DESKTOP-ATRG469","pid":3756,"level":20,"actorType":"ACTOR1","actorId":"48376","time":"2025-03-10T04:16:25.3218822Z","msg":"DEBUG: Test actor JAR versions:","v":0}
{"name":"1741580181","hostname":"DESKTOP-ATRG469","pid":3756,"level":20,"actorType":"ACTOR1","actorId":"48376","time":"2025-03-10T04:16:25.3228102Z","msg":"DEBUG:   opentest-appium-0.0.1.jar: 2022-02-25 10:58 -0600 0.0.1-50659ecda06a8b79a41f24c1fdff05187324402b-dirty","v":0}
{"name":"1741580181","hostname":"DESKTOP-ATRG469","pid":3756,"level":20,"actorType":"ACTOR1","actorId":"48376","time":"2025-03-10T04:16:25.3228102Z","msg":"DEBUG:   opentest-base-0.0.1.jar: 2022-02-25 10:58 -0600 0.0.1-50659ecda06a8b79a41f24c1fdff05187324402b-dirty","v":0}
{"name":"1741580181","hostname":"DESKTOP-ATRG469","pid":3756,"level":20,"actorType":"ACTOR1","actorId":"48376","time":"2025-03-10T04:16:25.3238145Z","msg":"DEBUG:   opentest-selenium-0.0.1.jar: 2022-02-25 10:58 -0600 0.0.1-50659ecda06a8b79a41f24c1fdff05187324402b-dirty","v":0}
{"name":"1741580181","hostname":"DESKTOP-ATRG469","pid":3756,"level":40,"actorType":"ACTOR1","actorId":"48376","time":"2025-03-10T04:16:25.3238145Z","msg":"WARN: Failed to log extension JARs","v":0}
{"name":"1741580181","hostname":"DESKTOP-ATRG469","pid":3756,"level":10,"actorType":"ACTOR1","actorId":"48376","time":"2025-03-10T04:16:25.3238145Z","msg":"TRACE: Firing SESSION_STARTED event...","v":0}
{"name":"1741580181","hostname":"DESKTOP-ATRG469","pid":3756,"level":30,"actorType":"ACTOR1","actorId":"48376","time":"2025-03-10T04:16:25.3588115Z","msg":"==================== ACTOR1: web/DemoBlaze/Caso1 ====================","v":0}
{"name":"1741580181","hostname":"DESKTOP-ATRG469","pid":3756,"level":30,"actorType":"ACTOR1","actorId":"48376","time":"2025-03-10T04:16:25.3598157Z","msg":"Actor ACTOR1 started executing test web/DemoBlaze/Caso1...","v":0}
{"name":"1741580181","hostname":"DESKTOP-ATRG469","pid":3756,"level":10,"actorType":"ACTOR1","actorId":"48376","time":"2025-03-10T04:16:25.3598157Z","msg":"TRACE: Firing TEST_STARTED event...","v":0}
{"name":"1741580181","hostname":"DESKTOP-ATRG469","pid":3756,"level":30,"actorType":"ACTOR1","actorId":"48376","time":"2025-03-10T04:16:25.3768138Z","msg":"Executing segment 1 of test web/DemoBlaze/Caso1...","v":0}
{"name":"1741580181","hostname":"DESKTOP-ATRG469","pid":3756,"level":30,"actorType":"ACTOR1","actorId":"48376","time":"2025-03-10T04:16:25.3768138Z","msg":"Evaluating action 1/2 (DemoBlaze.GoTo) in segment 1...","v":0}
{"name":"1741580181","hostname":"DESKTOP-ATRG469","pid":3756,"level":30,"actorType":"ACTOR1","actorId":"48376","time":"2025-03-10T04:16:25.3828117Z","msg":"Executing macro DemoBlaze/GoTo with arguments {\"website\":\"https://www.demoblaze.com/index.html\"}...","v":0}
{"name":"1741580181","hostname":"DESKTOP-ATRG469","pid":3756,"level":30,"actorType":"ACTOR1","actorId":"48376","time":"2025-03-10T04:16:25.3828117Z","msg":"Evaluating action 1/2 in macro DemoBlaze/GoTo (Navigate to the wiki page)...","v":0}
{"name":"1741580181","hostname":"DESKTOP-ATRG469","pid":3756,"level":10,"actorType":"ACTOR1","actorId":"48376","time":"2025-03-10T04:16:25.3858125Z","msg":"TRACE: Initializing action org.getopentest.selenium.NavigateTo...","v":0}
{"name":"1741580181","hostname":"DESKTOP-ATRG469","pid":3756,"level":30,"actorType":"ACTOR1","actorId":"48376","time":"2025-03-10T04:16:25.3858125Z","msg":"Using local Selenium server","v":0}
{"name":"1741580181","hostname":"DESKTOP-ATRG469","pid":3756,"level":10,"actorType":"ACTOR1","actorId":"48376","time":"2025-03-10T04:16:25.3858125Z","msg":"TRACE: Setting system property \"webdriver.chrome.driver\" to \"C:/Users/casa/Documents/opentest/forza/driver/chromedriver.exe\"","v":0}
{"name":"1741580181","hostname":"DESKTOP-ATRG469","pid":3756,"level":30,"actorType":"ACTOR1","actorId":"48376","time":"2025-03-10T04:16:26.0591688Z","msg":"Executing action org.getopentest.selenium.NavigateTo with arguments {\"url\":\"https://www.demoblaze.com/index.html\"}...","v":0}
{"name":"1741580181","hostname":"DESKTOP-ATRG469","pid":3756,"level":30,"actorType":"ACTOR1","actorId":"48376","time":"2025-03-10T04:16:27.0327805Z","msg":"Evaluating action 2/2 in macro DemoBlaze/GoTo...","v":0}
{"name":"1741580181","hostname":"DESKTOP-ATRG469","pid":3756,"level":10,"actorType":"ACTOR1","actorId":"48376","time":"2025-03-10T04:16:27.0337781Z","msg":"TRACE: Initializing action org.getopentest.base.ScriptAction...","v":0}
{"name":"1741580181","hostname":"DESKTOP-ATRG469","pid":3756,"level":30,"actorType":"ACTOR1","actorId":"48376","time":"2025-03-10T04:16:27.0337781Z","msg":"Executing action org.getopentest.base.ScriptAction (no arguments were provided)...","v":0}
{"name":"1741580181","hostname":"DESKTOP-ATRG469","pid":3756,"level":30,"actorType":"ACTOR1","actorId":"48376","time":"2025-03-10T04:16:29.0529153Z","msg":"Evaluating action 2/2 (DemoBlaze.SelectItem) in segment 1...","v":0}
{"name":"1741580181","hostname":"DESKTOP-ATRG469","pid":3756,"level":30,"actorType":"ACTOR1","actorId":"48376","time":"2025-03-10T04:16:29.0739029Z","msg":"Executing macro DemoBlaze/SelectItem (no arguments were provided)...","v":0}
{"name":"1741580181","hostname":"DESKTOP-ATRG469","pid":3756,"level":30,"actorType":"ACTOR1","actorId":"48376","time":"2025-03-10T04:16:29.0749021Z","msg":"Evaluating action 1/2 in macro DemoBlaze/SelectItem (Navigate to the wiki page)...","v":0}
{"name":"1741580181","hostname":"DESKTOP-ATRG469","pid":3756,"level":40,"actorType":"ACTOR1","actorId":"48376","time":"2025-03-10T04:16:29.0869038Z","msg":"WARN: Failed to get data asset DemoBlaze/SelectItem from the sync service. The HTTP status code was: 404. The HTTP body was: Could not find data file DemoBlaze/SelectItem","v":0}
{"name":"1741580181","hostname":"DESKTOP-ATRG469","pid":3756,"level":40,"actorType":"ACTOR1","actorId":"48376","time":"2025-03-10T04:16:30.0988134Z","msg":"WARN: Failed to get data asset DemoBlaze/SelectItem from the sync service. The HTTP status code was: 404. The HTTP body was: Could not find data file DemoBlaze/SelectItem","v":0}
{"name":"1741580181","hostname":"DESKTOP-ATRG469","pid":3756,"level":50,"actorType":"ACTOR1","actorId":"48376","time":"2025-03-10T04:16:31.1288528Z","msg":"ERROR: java.lang.Exception: Failed executing test web/DemoBlaze/Caso1, segment 1\r\n\tat org.getopentest.base.TestActor.executeTestSegment(TestActor.java:2208)\r\n\tat org.getopentest.base.TestActor.runOneSession(TestActor.java:3077)\r\n\tat org.getopentest.base.TestActor.runOneSession(TestActor.java:3113)\r\n\tat org.getopentest.Main.main(Main.java:20)\r\nCaused by: java.lang.RuntimeException: There was an error while executing action no. 2 (DemoBlaze.SelectItem) in segment 1 of test web/DemoBlaze/Caso1.\nThe action definition was:\n{\n  \"action\": \"org.getopentest.base.MacroAction\",\n  \"macro\": \"DemoBlaze.SelectItem\"\n}\r\n\tat org.getopentest.base.TestActor.executeTestSegment(TestActor.java:2142)\r\n\t... 3 more\r\nCaused by: java.lang.RuntimeException: Failed executing action org.getopentest.base.MacroAction (no arguments were provided)\r\n\tat org.getopentest.base.TestActor.executeActionByDef(TestActor.java:1872)\r\n\tat org.getopentest.base.TestActor.executeTestSegment(TestActor.java:2092)\r\n\t... 3 more\r\nCaused by: java.lang.Exception: There was an error executing macro action DemoBlaze.SelectItem (no arguments were provided)\r\n\tat org.getopentest.base.TestActor.executeMacroActionByName(TestActor.java:2021)\r\n\tat org.getopentest.base.TestActor.executeActionByDef(TestActor.java:1745)\r\n\t... 4 more\r\nCaused by: java.lang.RuntimeException: There was an error while executing action no. 1 (org.getopentest.selenium.Click) in macro DemoBlaze/SelectItem.\nThe action definition was:\n{\n  \"action\": \"org.getopentest.selenium.Click\",\n  \"args\": {\n    \"locator\": \"$data(\\\"DemoBlaze/SelectItem\\\").item\"\n  },\n  \"description\": \"Navigate to the wiki page\"\n}\r\n\tat org.getopentest.base.TestActor.executeMacroActionByDef(TestActor.java:1973)\r\n\tat org.getopentest.base.TestActor.executeMacroActionByName(TestActor.java:2013)\r\n\t... 5 more\r\nCaused by: java.lang.NullPointerException\r\n\tat org.getopentest.base.TestActor.executeActionByDef(TestActor.java:1839)\r\n\tat org.getopentest.base.TestActor.executeMacroActionByDef(TestActor.java:1938)\r\n\t... 6 more\r\n","v":0}
{"name":"1741580181","hostname":"DESKTOP-ATRG469","pid":3756,"level":30,"actorType":"ACTOR1","actorId":"48376","time":"2025-03-10T04:16:31.6411434Z","msg":"Test session has completed","v":0}
{"name":"1741580181","hostname":"DESKTOP-ATRG469","pid":3756,"level":10,"actorType":"ACTOR1","actorId":"48376","time":"2025-03-10T04:16:31.6411434Z","msg":"TRACE: Firing TEST_COMPLETED event...","v":0}
{"name":"1741580181","hostname":"DESKTOP-ATRG469","pid":3756,"level":10,"actorType":"ACTOR1","actorId":"48376","time":"2025-03-10T04:16:31.7627345Z","msg":"TRACE: Firing SESSION_COMPLETED event...","v":0}
{"name":"1741580181","hostname":"DESKTOP-ATRG469","pid":3756,"level":30,"actorType":"ACTOR1","actorId":"48376","time":"2025-03-10T04:16:31.7627345Z","msg":"Actor 48376 of type ACTOR1 with no tags is waiting to be acquired by a test session...","v":0}
{"name":"1741580181","hostname":"DESKTOP-ATRG469","pid":3756,"level":10,"actorType":"ACTOR1","actorId":"48376","time":"2025-03-10T04:17:50.1553853Z","msg":"TRACE: Initializing test session information in the \"announce\" method...","v":0}
{"name":"1741580181","hostname":"DESKTOP-ATRG469","pid":3756,"level":10,"actorType":"ACTOR1","actorId":"48376","time":"2025-03-10T04:17:50.1563365Z","msg":"TRACE: Session ID in sync server response was 1741580266; actor session ID was null","v":0}
