{"name":"1741580474","hostname":"DESKTOP-ATRG469","pid":3756,"level":20,"msg":"Sync server version: 1.3.8 2022-02-25 10:58:11 -0600 50659ecda06a8b79a41f24c1fdff05187324402b","time":"2025-03-10T04:21:13.665Z","v":0}
{"name":"1741580474","hostname":"DESKTOP-ATRG469","pid":3756,"level":30,"msg":"Acquiring actors for session 1741580474: ACTOR1","time":"2025-03-10T04:21:13.666Z","v":0}
{"name":"1741580474","hostname":"DESKTOP-ATRG469","pid":3756,"level":30,"msg":"Session 1741580474 with label \"Session 1741579598 8\" started at 2025-03-10 04:21:13 UTC","time":"2025-03-10T04:21:13.667Z","v":0}
{"name":"1741580474","hostname":"DESKTOP-ATRG469","pid":3756,"level":30,"actorType":"ACTOR1","actorId":"48376","time":"2025-03-10T04:21:16.4342932Z","msg":"Actor 48376 of type ACTOR1 was acquired by test session 1741580474","v":0}
{"name":"1741580474","hostname":"DESKTOP-ATRG469","pid":3756,"level":20,"actorType":"ACTOR1","actorId":"48376","time":"2025-03-10T04:21:16.4451749Z","msg":"DEBUG: Test actor JAR versions:","v":0}
{"name":"1741580474","hostname":"DESKTOP-ATRG469","pid":3756,"level":20,"actorType":"ACTOR1","actorId":"48376","time":"2025-03-10T04:21:16.4451749Z","msg":"DEBUG:   opentest-appium-0.0.1.jar: 2022-02-25 10:58 -0600 0.0.1-50659ecda06a8b79a41f24c1fdff05187324402b-dirty","v":0}
{"name":"1741580474","hostname":"DESKTOP-ATRG469","pid":3756,"level":20,"actorType":"ACTOR1","actorId":"48376","time":"2025-03-10T04:21:16.4471795Z","msg":"DEBUG:   opentest-base-0.0.1.jar: 2022-02-25 10:58 -0600 0.0.1-50659ecda06a8b79a41f24c1fdff05187324402b-dirty","v":0}
{"name":"1741580474","hostname":"DESKTOP-ATRG469","pid":3756,"level":20,"actorType":"ACTOR1","actorId":"48376","time":"2025-03-10T04:21:16.4481795Z","msg":"DEBUG:   opentest-selenium-0.0.1.jar: 2022-02-25 10:58 -0600 0.0.1-50659ecda06a8b79a41f24c1fdff05187324402b-dirty","v":0}
{"name":"1741580474","hostname":"DESKTOP-ATRG469","pid":3756,"level":40,"actorType":"ACTOR1","actorId":"48376","time":"2025-03-10T04:21:16.4481795Z","msg":"WARN: Failed to log extension JARs","v":0}
{"name":"1741580474","hostname":"DESKTOP-ATRG469","pid":3756,"level":10,"actorType":"ACTOR1","actorId":"48376","time":"2025-03-10T04:21:16.4491759Z","msg":"TRACE: Firing SESSION_STARTED event...","v":0}
{"name":"1741580474","hostname":"DESKTOP-ATRG469","pid":3756,"level":30,"actorType":"ACTOR1","actorId":"48376","time":"2025-03-10T04:21:16.4751767Z","msg":"==================== ACTOR1: web/DemoBlaze/Caso1 ====================","v":0}
{"name":"1741580474","hostname":"DESKTOP-ATRG469","pid":3756,"level":30,"actorType":"ACTOR1","actorId":"48376","time":"2025-03-10T04:21:16.4751767Z","msg":"Actor ACTOR1 started executing test web/DemoBlaze/Caso1...","v":0}
{"name":"1741580474","hostname":"DESKTOP-ATRG469","pid":3756,"level":10,"actorType":"ACTOR1","actorId":"48376","time":"2025-03-10T04:21:16.4751767Z","msg":"TRACE: Firing TEST_STARTED event...","v":0}
{"name":"1741580474","hostname":"DESKTOP-ATRG469","pid":3756,"level":30,"actorType":"ACTOR1","actorId":"48376","time":"2025-03-10T04:21:16.4901779Z","msg":"Executing segment 1 of test web/DemoBlaze/Caso1...","v":0}
{"name":"1741580474","hostname":"DESKTOP-ATRG469","pid":3756,"level":30,"actorType":"ACTOR1","actorId":"48376","time":"2025-03-10T04:21:16.4901779Z","msg":"Evaluating action 1/2 (DemoBlaze.GoTo) in segment 1...","v":0}
{"name":"1741580474","hostname":"DESKTOP-ATRG469","pid":3756,"level":30,"actorType":"ACTOR1","actorId":"48376","time":"2025-03-10T04:21:16.4951755Z","msg":"Executing macro DemoBlaze/GoTo with arguments {\"website\":\"https://www.demoblaze.com/index.html\"}...","v":0}
{"name":"1741580474","hostname":"DESKTOP-ATRG469","pid":3756,"level":30,"actorType":"ACTOR1","actorId":"48376","time":"2025-03-10T04:21:16.4961752Z","msg":"Evaluating action 1/2 in macro DemoBlaze/GoTo (Navigate to the wiki page)...","v":0}
{"name":"1741580474","hostname":"DESKTOP-ATRG469","pid":3756,"level":10,"actorType":"ACTOR1","actorId":"48376","time":"2025-03-10T04:21:16.4981759Z","msg":"TRACE: Initializing action org.getopentest.selenium.NavigateTo...","v":0}
{"name":"1741580474","hostname":"DESKTOP-ATRG469","pid":3756,"level":30,"actorType":"ACTOR1","actorId":"48376","time":"2025-03-10T04:21:16.4991767Z","msg":"Using local Selenium server","v":0}
{"name":"1741580474","hostname":"DESKTOP-ATRG469","pid":3756,"level":10,"actorType":"ACTOR1","actorId":"48376","time":"2025-03-10T04:21:16.4991767Z","msg":"TRACE: Setting system property \"webdriver.chrome.driver\" to \"C:/Users/casa/Documents/opentest/forza/driver/chromedriver.exe\"","v":0}
{"name":"1741580474","hostname":"DESKTOP-ATRG469","pid":3756,"level":30,"actorType":"ACTOR1","actorId":"48376","time":"2025-03-10T04:21:17.1721299Z","msg":"Executing action org.getopentest.selenium.NavigateTo with arguments {\"url\":\"https://www.demoblaze.com/index.html\"}...","v":0}
{"name":"1741580474","hostname":"DESKTOP-ATRG469","pid":3756,"level":30,"actorType":"ACTOR1","actorId":"48376","time":"2025-03-10T04:21:17.8400401Z","msg":"Evaluating action 2/2 in macro DemoBlaze/GoTo...","v":0}
{"name":"1741580474","hostname":"DESKTOP-ATRG469","pid":3756,"level":10,"actorType":"ACTOR1","actorId":"48376","time":"2025-03-10T04:21:17.8400401Z","msg":"TRACE: Initializing action org.getopentest.base.ScriptAction...","v":0}
{"name":"1741580474","hostname":"DESKTOP-ATRG469","pid":3756,"level":30,"actorType":"ACTOR1","actorId":"48376","time":"2025-03-10T04:21:17.8400401Z","msg":"Executing action org.getopentest.base.ScriptAction (no arguments were provided)...","v":0}
{"name":"1741580474","hostname":"DESKTOP-ATRG469","pid":3756,"level":30,"actorType":"ACTOR1","actorId":"48376","time":"2025-03-10T04:21:22.8430547Z","msg":"Evaluating action 2/2 (DemoBlaze.SelectItem) in segment 1...","v":0}
{"name":"1741580474","hostname":"DESKTOP-ATRG469","pid":3756,"level":30,"actorType":"ACTOR1","actorId":"48376","time":"2025-03-10T04:21:22.8729372Z","msg":"Executing macro DemoBlaze/SelectItem (no arguments were provided)...","v":0}
{"name":"1741580474","hostname":"DESKTOP-ATRG469","pid":3756,"level":30,"actorType":"ACTOR1","actorId":"48376","time":"2025-03-10T04:21:22.8729372Z","msg":"Evaluating action 1/2 in macro DemoBlaze/SelectItem (Navigate to the wiki page)...","v":0}
{"name":"1741580474","hostname":"DESKTOP-ATRG469","pid":3756,"level":10,"actorType":"ACTOR1","actorId":"48376","time":"2025-03-10T04:21:22.8939356Z","msg":"TRACE: Initializing action org.getopentest.selenium.Click...","v":0}
{"name":"1741580474","hostname":"DESKTOP-ATRG469","pid":3756,"level":30,"actorType":"ACTOR1","actorId":"48376","time":"2025-03-10T04:21:22.8949338Z","msg":"Executing action org.getopentest.selenium.Click with arguments {\"locator\":{\"xpath\":\"//h4/a[text()='Samsung galaxy s6']\"}}...","v":0}
{"name":"1741580474","hostname":"DESKTOP-ATRG469","pid":3756,"level":30,"actorType":"ACTOR1","actorId":"48376","time":"2025-03-10T04:21:23.2868845Z","msg":"Evaluating action 2/2 in macro DemoBlaze/SelectItem...","v":0}
{"name":"1741580474","hostname":"DESKTOP-ATRG469","pid":3756,"level":10,"actorType":"ACTOR1","actorId":"48376","time":"2025-03-10T04:21:23.2878725Z","msg":"TRACE: Initializing action org.getopentest.base.ScriptAction...","v":0}
{"name":"1741580474","hostname":"DESKTOP-ATRG469","pid":3756,"level":30,"actorType":"ACTOR1","actorId":"48376","time":"2025-03-10T04:21:23.2878725Z","msg":"Executing action org.getopentest.base.ScriptAction (no arguments were provided)...","v":0}
{"name":"1741580474","hostname":"DESKTOP-ATRG469","pid":3756,"level":30,"actorType":"ACTOR1","actorId":"48376","time":"2025-03-10T04:21:25.8277565Z","msg":"Test session has completed","v":0}
{"name":"1741580474","hostname":"DESKTOP-ATRG469","pid":3756,"level":10,"actorType":"ACTOR1","actorId":"48376","time":"2025-03-10T04:21:25.828759Z","msg":"TRACE: Firing TEST_COMPLETED event...","v":0}
{"name":"1741580474","hostname":"DESKTOP-ATRG469","pid":3756,"level":10,"actorType":"ACTOR1","actorId":"48376","time":"2025-03-10T04:21:25.9448208Z","msg":"TRACE: Firing SESSION_COMPLETED event...","v":0}
{"name":"1741580474","hostname":"DESKTOP-ATRG469","pid":3756,"level":30,"actorType":"ACTOR1","actorId":"48376","time":"2025-03-10T04:21:25.9458295Z","msg":"Actor 48376 of type ACTOR1 with no tags is waiting to be acquired by a test session...","v":0}
