{"name":"1741652655","hostname":"DESKTOP-ATRG469","pid":24684,"level":20,"msg":"Sync server version: 1.3.8 2022-02-25 10:58:11 -0600 50659ecda06a8b79a41f24c1fdff05187324402b","time":"2025-03-11T00:24:15.455Z","v":0}
{"name":"1741652655","hostname":"DESKTOP-ATRG469","pid":24684,"level":30,"msg":"Acquiring actors for session 1741652655: ACTOR1","time":"2025-03-11T00:24:15.456Z","v":0}
{"name":"1741652655","hostname":"DESKTOP-ATRG469","pid":24684,"level":30,"msg":"Session 1741652655 with label \"Session 1741652551 4\" started at 2025-03-11 00:24:15 UTC","time":"2025-03-11T00:24:15.457Z","v":0}
{"name":"1741652655","hostname":"DESKTOP-ATRG469","pid":24684,"level":30,"actorType":"ACTOR1","actorId":"25007","time":"2025-03-11T00:24:18.3802365Z","msg":"Actor 25007 of type ACTOR1 was acquired by test session 1741652655","v":0}
{"name":"1741652655","hostname":"DESKTOP-ATRG469","pid":24684,"level":20,"actorType":"ACTOR1","actorId":"25007","time":"2025-03-11T00:24:18.3871276Z","msg":"DEBUG: Test actor JAR versions:","v":0}
{"name":"1741652655","hostname":"DESKTOP-ATRG469","pid":24684,"level":20,"actorType":"ACTOR1","actorId":"25007","time":"2025-03-11T00:24:18.388133Z","msg":"DEBUG:   opentest-appium-0.0.1.jar: 2022-02-25 10:58 -0600 0.0.1-50659ecda06a8b79a41f24c1fdff05187324402b-dirty","v":0}
{"name":"1741652655","hostname":"DESKTOP-ATRG469","pid":24684,"level":20,"actorType":"ACTOR1","actorId":"25007","time":"2025-03-11T00:24:18.388133Z","msg":"DEBUG:   opentest-base-0.0.1.jar: 2022-02-25 10:58 -0600 0.0.1-50659ecda06a8b79a41f24c1fdff05187324402b-dirty","v":0}
{"name":"1741652655","hostname":"DESKTOP-ATRG469","pid":24684,"level":20,"actorType":"ACTOR1","actorId":"25007","time":"2025-03-11T00:24:18.3891762Z","msg":"DEBUG:   opentest-selenium-0.0.1.jar: 2022-02-25 10:58 -0600 0.0.1-50659ecda06a8b79a41f24c1fdff05187324402b-dirty","v":0}
{"name":"1741652655","hostname":"DESKTOP-ATRG469","pid":24684,"level":40,"actorType":"ACTOR1","actorId":"25007","time":"2025-03-11T00:24:18.3891762Z","msg":"WARN: Failed to log extension JARs","v":0}
{"name":"1741652655","hostname":"DESKTOP-ATRG469","pid":24684,"level":10,"actorType":"ACTOR1","actorId":"25007","time":"2025-03-11T00:24:18.3891762Z","msg":"TRACE: Firing SESSION_STARTED event...","v":0}
{"name":"1741652655","hostname":"DESKTOP-ATRG469","pid":24684,"level":30,"actorType":"ACTOR1","actorId":"25007","time":"2025-03-11T00:24:18.4101393Z","msg":"==================== ACTOR1: web/DemoBlaze/Caso8 ====================","v":0}
{"name":"1741652655","hostname":"DESKTOP-ATRG469","pid":24684,"level":30,"actorType":"ACTOR1","actorId":"25007","time":"2025-03-11T00:24:18.4101393Z","msg":"Actor ACTOR1 started executing test web/DemoBlaze/Caso8...","v":0}
{"name":"1741652655","hostname":"DESKTOP-ATRG469","pid":24684,"level":10,"actorType":"ACTOR1","actorId":"25007","time":"2025-03-11T00:24:18.4101393Z","msg":"TRACE: Firing TEST_STARTED event...","v":0}
{"name":"1741652655","hostname":"DESKTOP-ATRG469","pid":24684,"level":30,"actorType":"ACTOR1","actorId":"25007","time":"2025-03-11T00:24:18.4301372Z","msg":"Executing segment 1 of test web/DemoBlaze/Caso8...","v":0}
{"name":"1741652655","hostname":"DESKTOP-ATRG469","pid":24684,"level":30,"actorType":"ACTOR1","actorId":"25007","time":"2025-03-11T00:24:18.4301372Z","msg":"Evaluating action 1/11 (DemoBlaze.GoTo) in segment 1...","v":0}
{"name":"1741652655","hostname":"DESKTOP-ATRG469","pid":24684,"level":30,"actorType":"ACTOR1","actorId":"25007","time":"2025-03-11T00:24:18.4351393Z","msg":"Executing macro DemoBlaze/GoTo with arguments {\"website\":\"https://www.demoblaze.com/index.html\"}...","v":0}
{"name":"1741652655","hostname":"DESKTOP-ATRG469","pid":24684,"level":30,"actorType":"ACTOR1","actorId":"25007","time":"2025-03-11T00:24:18.4351393Z","msg":"Evaluating action 1/2 in macro DemoBlaze/GoTo (Navigate to the wiki page)...","v":0}
{"name":"1741652655","hostname":"DESKTOP-ATRG469","pid":24684,"level":10,"actorType":"ACTOR1","actorId":"25007","time":"2025-03-11T00:24:18.4361405Z","msg":"TRACE: Initializing action org.getopentest.selenium.NavigateTo...","v":0}
{"name":"1741652655","hostname":"DESKTOP-ATRG469","pid":24684,"level":30,"actorType":"ACTOR1","actorId":"25007","time":"2025-03-11T00:24:18.4371394Z","msg":"Using local Selenium server","v":0}
{"name":"1741652655","hostname":"DESKTOP-ATRG469","pid":24684,"level":10,"actorType":"ACTOR1","actorId":"25007","time":"2025-03-11T00:24:18.4371394Z","msg":"TRACE: Setting system property \"webdriver.chrome.driver\" to \"C:/Users/casa/Documents/opentest/forza/driver/chromedriver.exe\"","v":0}
{"name":"1741652655","hostname":"DESKTOP-ATRG469","pid":24684,"level":30,"actorType":"ACTOR1","actorId":"25007","time":"2025-03-11T00:24:19.0499294Z","msg":"Executing action org.getopentest.selenium.NavigateTo with arguments {\"url\":\"https://www.demoblaze.com/index.html\"}...","v":0}
{"name":"1741652655","hostname":"DESKTOP-ATRG469","pid":24684,"level":30,"actorType":"ACTOR1","actorId":"25007","time":"2025-03-11T00:24:21.1848319Z","msg":"Evaluating action 2/2 in macro DemoBlaze/GoTo...","v":0}
{"name":"1741652655","hostname":"DESKTOP-ATRG469","pid":24684,"level":10,"actorType":"ACTOR1","actorId":"25007","time":"2025-03-11T00:24:21.185833Z","msg":"TRACE: Initializing action org.getopentest.base.ScriptAction...","v":0}
{"name":"1741652655","hostname":"DESKTOP-ATRG469","pid":24684,"level":30,"actorType":"ACTOR1","actorId":"25007","time":"2025-03-11T00:24:21.185833Z","msg":"Executing action org.getopentest.base.ScriptAction (no arguments were provided)...","v":0}
{"name":"1741652655","hostname":"DESKTOP-ATRG469","pid":24684,"level":30,"actorType":"ACTOR1","actorId":"25007","time":"2025-03-11T00:24:26.1878906Z","msg":"Evaluating action 2/11 (DemoBlaze.ChooseNavOption) in segment 1...","v":0}
{"name":"1741652655","hostname":"DESKTOP-ATRG469","pid":24684,"level":30,"actorType":"ACTOR1","actorId":"25007","time":"2025-03-11T00:24:26.1969108Z","msg":"Executing macro DemoBlaze/ChooseNavOption with arguments {\"item\":\"Log in\"}...","v":0}
{"name":"1741652655","hostname":"DESKTOP-ATRG469","pid":24684,"level":30,"actorType":"ACTOR1","actorId":"25007","time":"2025-03-11T00:24:26.1969108Z","msg":"Evaluating action 1/1 in macro DemoBlaze/ChooseNavOption...","v":0}
{"name":"1741652655","hostname":"DESKTOP-ATRG469","pid":24684,"level":10,"actorType":"ACTOR1","actorId":"25007","time":"2025-03-11T00:24:26.1969108Z","msg":"TRACE: Initializing action org.getopentest.base.ScriptAction...","v":0}
{"name":"1741652655","hostname":"DESKTOP-ATRG469","pid":24684,"level":30,"actorType":"ACTOR1","actorId":"25007","time":"2025-03-11T00:24:26.1969108Z","msg":"Executing action org.getopentest.base.ScriptAction (no arguments were provided)...","v":0}
{"name":"1741652655","hostname":"DESKTOP-ATRG469","pid":24684,"level":10,"actorType":"ACTOR1","actorId":"25007","time":"2025-03-11T00:24:28.2306846Z","msg":"TRACE: Initializing action org.getopentest.selenium.ExecuteScript...","v":0}
{"name":"1741652655","hostname":"DESKTOP-ATRG469","pid":24684,"level":30,"actorType":"ACTOR1","actorId":"25007","time":"2025-03-11T00:24:28.231582Z","msg":"Executing action org.getopentest.selenium.ExecuteScript with arguments {\"script\":\"var element = document.evaluate('//ul/li/a[text()=\\\"Log in\\\"]', document, null, XPathResult.FIRST_ORDERED_NODE_TYPE, null).singleNodeValue;if (element) {element.click();} else { console.log('error elemento no encontrado.'); }\"}...","v":0}
{"name":"1741652655","hostname":"DESKTOP-ATRG469","pid":24684,"level":20,"actorType":"ACTOR1","actorId":"25007","time":"2025-03-11T00:24:28.3112423Z","msg":"DEBUG: The output values from action org.getopentest.selenium.ExecuteScript were: \n\t>>>>> result = null","v":0}
{"name":"1741652655","hostname":"DESKTOP-ATRG469","pid":24684,"level":30,"actorType":"ACTOR1","actorId":"25007","time":"2025-03-11T00:24:28.3162431Z","msg":"resultado clic: null","v":0}
{"name":"1741652655","hostname":"DESKTOP-ATRG469","pid":24684,"level":30,"actorType":"ACTOR1","actorId":"25007","time":"2025-03-11T00:24:29.3316399Z","msg":"Evaluating action 3/11 (DemoBlaze.Login) in segment 1...","v":0}
{"name":"1741652655","hostname":"DESKTOP-ATRG469","pid":24684,"level":30,"actorType":"ACTOR1","actorId":"25007","time":"2025-03-11T00:24:29.3556273Z","msg":"Executing macro DemoBlaze/Login with arguments {\"password\":\"cherrera45\",\"username\":\"cherrera45\"}...","v":0}
{"name":"1741652655","hostname":"DESKTOP-ATRG469","pid":24684,"level":30,"actorType":"ACTOR1","actorId":"25007","time":"2025-03-11T00:24:29.3566353Z","msg":"Evaluating action 1/1 in macro DemoBlaze/Login...","v":0}
{"name":"1741652655","hostname":"DESKTOP-ATRG469","pid":24684,"level":10,"actorType":"ACTOR1","actorId":"25007","time":"2025-03-11T00:24:29.3576438Z","msg":"TRACE: Initializing action org.getopentest.base.ScriptAction...","v":0}
{"name":"1741652655","hostname":"DESKTOP-ATRG469","pid":24684,"level":30,"actorType":"ACTOR1","actorId":"25007","time":"2025-03-11T00:24:29.3586263Z","msg":"Executing action org.getopentest.base.ScriptAction (no arguments were provided)...","v":0}
{"name":"1741652655","hostname":"DESKTOP-ATRG469","pid":24684,"level":10,"actorType":"ACTOR1","actorId":"25007","time":"2025-03-11T00:24:29.3856177Z","msg":"TRACE: Initializing action org.getopentest.selenium.SendKeys...","v":0}
{"name":"1741652655","hostname":"DESKTOP-ATRG469","pid":24684,"level":30,"actorType":"ACTOR1","actorId":"25007","time":"2025-03-11T00:24:29.3866149Z","msg":"Executing action org.getopentest.selenium.SendKeys with arguments {\"locator\":{\"xpath\":\"(//div[label[text()='Username:']]/input)[2]\"},\"text\":\"cherrera45\"}...","v":0}
{"name":"1741652655","hostname":"DESKTOP-ATRG469","pid":24684,"level":10,"actorType":"ACTOR1","actorId":"25007","time":"2025-03-11T00:24:29.5026153Z","msg":"TRACE: Initializing action org.getopentest.selenium.SendKeys...","v":0}
{"name":"1741652655","hostname":"DESKTOP-ATRG469","pid":24684,"level":30,"actorType":"ACTOR1","actorId":"25007","time":"2025-03-11T00:24:29.5026153Z","msg":"Executing action org.getopentest.selenium.SendKeys with arguments {\"locator\":{\"xpath\":\"(//div[label[text()='Password:']]/input)[2]\"},\"text\":\"cherrera45\"}...","v":0}
{"name":"1741652655","hostname":"DESKTOP-ATRG469","pid":24684,"level":10,"actorType":"ACTOR1","actorId":"25007","time":"2025-03-11T00:24:29.5906149Z","msg":"TRACE: Initializing action org.getopentest.selenium.Click...","v":0}
{"name":"1741652655","hostname":"DESKTOP-ATRG469","pid":24684,"level":30,"actorType":"ACTOR1","actorId":"25007","time":"2025-03-11T00:24:29.5916155Z","msg":"Executing action org.getopentest.selenium.Click with arguments {\"locator\":{\"xpath\":\"(//div/button[text()='Log in'])[1]\"}}...","v":0}
{"name":"1741652655","hostname":"DESKTOP-ATRG469","pid":24684,"level":10,"actorType":"ACTOR1","actorId":"25007","time":"2025-03-11T00:24:29.6876165Z","msg":"TRACE: Initializing action org.getopentest.selenium.AssertElementVisible...","v":0}
{"name":"1741652655","hostname":"DESKTOP-ATRG469","pid":24684,"level":30,"actorType":"ACTOR1","actorId":"25007","time":"2025-03-11T00:24:29.6876165Z","msg":"Executing action org.getopentest.selenium.AssertElementVisible with arguments {\"locator\":{\"xpath\":\"//li/a[text()='Welcome cherrera45']\"}}...","v":0}
{"name":"1741652655","hostname":"DESKTOP-ATRG469","pid":24684,"level":30,"actorType":"ACTOR1","actorId":"25007","time":"2025-03-11T00:24:30.8126927Z","msg":"Evaluating action 4/11 (DemoBlaze.ChooseCategory) in segment 1...","v":0}
{"name":"1741652655","hostname":"DESKTOP-ATRG469","pid":24684,"level":30,"actorType":"ACTOR1","actorId":"25007","time":"2025-03-11T00:24:30.8156919Z","msg":"Executing macro DemoBlaze/ChooseCategory with arguments {\"category\":\"Laptops\"}...","v":0}
{"name":"1741652655","hostname":"DESKTOP-ATRG469","pid":24684,"level":30,"actorType":"ACTOR1","actorId":"25007","time":"2025-03-11T00:24:30.8156919Z","msg":"Evaluating action 1/1 in macro DemoBlaze/ChooseCategory...","v":0}
{"name":"1741652655","hostname":"DESKTOP-ATRG469","pid":24684,"level":10,"actorType":"ACTOR1","actorId":"25007","time":"2025-03-11T00:24:30.8156919Z","msg":"TRACE: Initializing action org.getopentest.base.ScriptAction...","v":0}
{"name":"1741652655","hostname":"DESKTOP-ATRG469","pid":24684,"level":30,"actorType":"ACTOR1","actorId":"25007","time":"2025-03-11T00:24:30.8156919Z","msg":"Executing action org.getopentest.base.ScriptAction (no arguments were provided)...","v":0}
{"name":"1741652655","hostname":"DESKTOP-ATRG469","pid":24684,"level":10,"actorType":"ACTOR1","actorId":"25007","time":"2025-03-11T00:24:30.825689Z","msg":"TRACE: Initializing action org.getopentest.selenium.Click...","v":0}
{"name":"1741652655","hostname":"DESKTOP-ATRG469","pid":24684,"level":30,"actorType":"ACTOR1","actorId":"25007","time":"2025-03-11T00:24:30.825689Z","msg":"Executing action org.getopentest.selenium.Click with arguments {\"locator\":{\"xpath\":\"//div[a[text()='CATEGORIES']]/a[text()='Laptops']\"}}...","v":0}
{"name":"1741652655","hostname":"DESKTOP-ATRG469","pid":24684,"level":30,"actorType":"ACTOR1","actorId":"25007","time":"2025-03-11T00:24:30.9196917Z","msg":"Evaluating action 5/11 (DemoBlaze.AddToCart) in segment 1...","v":0}
{"name":"1741652655","hostname":"DESKTOP-ATRG469","pid":24684,"level":30,"actorType":"ACTOR1","actorId":"25007","time":"2025-03-11T00:24:30.9236881Z","msg":"Executing macro DemoBlaze/AddToCart with arguments {\"item\":\"Sony vaio i5\"}...","v":0}
{"name":"1741652655","hostname":"DESKTOP-ATRG469","pid":24684,"level":30,"actorType":"ACTOR1","actorId":"25007","time":"2025-03-11T00:24:30.9246887Z","msg":"Evaluating action 1/1 in macro DemoBlaze/AddToCart...","v":0}
{"name":"1741652655","hostname":"DESKTOP-ATRG469","pid":24684,"level":10,"actorType":"ACTOR1","actorId":"25007","time":"2025-03-11T00:24:30.9246887Z","msg":"TRACE: Initializing action org.getopentest.base.ScriptAction...","v":0}
{"name":"1741652655","hostname":"DESKTOP-ATRG469","pid":24684,"level":30,"actorType":"ACTOR1","actorId":"25007","time":"2025-03-11T00:24:30.9246887Z","msg":"Executing action org.getopentest.base.ScriptAction (no arguments were provided)...","v":0}
{"name":"1741652655","hostname":"DESKTOP-ATRG469","pid":24684,"level":30,"actorType":"ACTOR1","actorId":"25007","time":"2025-03-11T00:24:30.9326873Z","msg":"TTT: ","v":0}
{"name":"1741652655","hostname":"DESKTOP-ATRG469","pid":24684,"level":30,"actorType":"ACTOR1","actorId":"25007","time":"2025-03-11T00:24:30.9326873Z","msg":"{xpath=//h4/a[text()='##item##']}","v":0}
{"name":"1741652655","hostname":"DESKTOP-ATRG469","pid":24684,"level":30,"actorType":"ACTOR1","actorId":"25007","time":"2025-03-11T00:24:30.936687Z","msg":"[object Object]","v":0}
{"name":"1741652655","hostname":"DESKTOP-ATRG469","pid":24684,"level":10,"actorType":"ACTOR1","actorId":"25007","time":"2025-03-11T00:24:30.936687Z","msg":"TRACE: Initializing action org.getopentest.selenium.Click...","v":0}
{"name":"1741652655","hostname":"DESKTOP-ATRG469","pid":24684,"level":30,"actorType":"ACTOR1","actorId":"25007","time":"2025-03-11T00:24:30.936687Z","msg":"Executing action org.getopentest.selenium.Click with arguments {\"locator\":{\"xpath\":\"//h4/a[text()='Sony vaio i5']\"}}...","v":0}
{"name":"1741652655","hostname":"DESKTOP-ATRG469","pid":24684,"level":10,"actorType":"ACTOR1","actorId":"25007","time":"2025-03-11T00:24:31.3219324Z","msg":"TRACE: Initializing action org.getopentest.selenium.Click...","v":0}
{"name":"1741652655","hostname":"DESKTOP-ATRG469","pid":24684,"level":30,"actorType":"ACTOR1","actorId":"25007","time":"2025-03-11T00:24:31.3219324Z","msg":"Executing action org.getopentest.selenium.Click with arguments {\"locator\":{\"xpath\":\"//div/div/a[text()=\\\"Add to cart\\\"]\"}}...","v":0}
{"name":"1741652655","hostname":"DESKTOP-ATRG469","pid":24684,"level":10,"actorType":"ACTOR1","actorId":"25007","time":"2025-03-11T00:24:31.9493684Z","msg":"TRACE: Initializing action org.getopentest.selenium.HandleModal...","v":0}
{"name":"1741652655","hostname":"DESKTOP-ATRG469","pid":24684,"level":30,"actorType":"ACTOR1","actorId":"25007","time":"2025-03-11T00:24:31.9493684Z","msg":"Executing action org.getopentest.selenium.HandleModal with arguments {\"perform\":\"getText\"}...","v":0}
{"name":"1741652655","hostname":"DESKTOP-ATRG469","pid":24684,"level":20,"actorType":"ACTOR1","actorId":"25007","time":"2025-03-11T00:24:32.4767422Z","msg":"DEBUG: The output values from action org.getopentest.selenium.HandleModal were: \n\t>>>>> text = \"Product added.\"","v":0}
{"name":"1741652655","hostname":"DESKTOP-ATRG469","pid":24684,"level":30,"actorType":"ACTOR1","actorId":"25007","time":"2025-03-11T00:24:32.4847438Z","msg":"The dialog box said: Product added.","v":0}
{"name":"1741652655","hostname":"DESKTOP-ATRG469","pid":24684,"level":50,"actorType":"ACTOR1","actorId":"25007","time":"2025-03-11T00:24:32.4909229Z","msg":"ERROR: java.lang.Exception: Failed executing test web/DemoBlaze/Caso8, segment 1\r\n\tat org.getopentest.base.TestActor.executeTestSegment(TestActor.java:2208)\r\n\tat org.getopentest.base.TestActor.runOneSession(TestActor.java:3077)\r\n\tat org.getopentest.base.TestActor.runOneSession(TestActor.java:3113)\r\n\tat org.getopentest.Main.main(Main.java:20)\r\nCaused by: java.lang.RuntimeException: The action was failed intentionally using the $fail() function. The user-defined message was: \"El producto no se agrego al carrito o el mensaje cambio\".\r\n\tat org.getopentest.base.TestActor.executeTestSegment(TestActor.java:2118)\r\n\t... 3 more\r\n","v":0}
{"name":"1741652655","hostname":"DESKTOP-ATRG469","pid":24684,"level":30,"actorType":"ACTOR1","actorId":"25007","time":"2025-03-11T00:24:33.0025891Z","msg":"Test session has completed","v":0}
{"name":"1741652655","hostname":"DESKTOP-ATRG469","pid":24684,"level":10,"actorType":"ACTOR1","actorId":"25007","time":"2025-03-11T00:24:33.0045189Z","msg":"TRACE: Firing TEST_COMPLETED event...","v":0}
{"name":"1741652655","hostname":"DESKTOP-ATRG469","pid":24684,"level":10,"actorType":"ACTOR1","actorId":"25007","time":"2025-03-11T00:24:33.1492475Z","msg":"TRACE: Firing SESSION_COMPLETED event...","v":0}
{"name":"1741652655","hostname":"DESKTOP-ATRG469","pid":24684,"level":30,"actorType":"ACTOR1","actorId":"25007","time":"2025-03-11T00:24:33.1492475Z","msg":"Actor 25007 of type ACTOR1 with no tags is waiting to be acquired by a test session...","v":0}
{"name":"1741652655","hostname":"DESKTOP-ATRG469","pid":24684,"level":10,"actorType":"ACTOR1","actorId":"25007","time":"2025-03-11T00:27:03.747541Z","msg":"TRACE: Initializing test session information in the \"announce\" method...","v":0}
{"name":"1741652655","hostname":"DESKTOP-ATRG469","pid":24684,"level":10,"actorType":"ACTOR1","actorId":"25007","time":"2025-03-11T00:27:03.748542Z","msg":"TRACE: Session ID in sync server response was 1741652819; actor session ID was null","v":0}
