{"name":"1741637849","hostname":"DESKTOP-ATRG469","pid":8464,"level":20,"msg":"Sync server version: 1.3.8 2022-02-25 10:58:11 -0600 50659ecda06a8b79a41f24c1fdff05187324402b","time":"2025-03-10T20:17:29.104Z","v":0}
{"name":"1741637849","hostname":"DESKTOP-ATRG469","pid":8464,"level":30,"msg":"Acquiring actors for session 1741637849: ACTOR1","time":"2025-03-10T20:17:29.105Z","v":0}
{"name":"1741637849","hostname":"DESKTOP-ATRG469","pid":8464,"level":30,"msg":"Session 1741637849 with label \"Session 1741626115 4\" started at 2025-03-10 20:17:29 UTC","time":"2025-03-10T20:17:29.106Z","v":0}
{"name":"1741637849","hostname":"DESKTOP-ATRG469","pid":8464,"level":30,"actorType":"ACTOR1","actorId":"51646","time":"2025-03-10T20:17:32.1554966Z","msg":"Actor 51646 of type ACTOR1 was acquired by test session 1741637849","v":0}
{"name":"1741637849","hostname":"DESKTOP-ATRG469","pid":8464,"level":20,"actorType":"ACTOR1","actorId":"51646","time":"2025-03-10T20:17:32.168308Z","msg":"DEBUG: Test actor JAR versions:","v":0}
{"name":"1741637849","hostname":"DESKTOP-ATRG469","pid":8464,"level":20,"actorType":"ACTOR1","actorId":"51646","time":"2025-03-10T20:17:32.1693106Z","msg":"DEBUG:   opentest-appium-0.0.1.jar: 2022-02-25 10:58 -0600 0.0.1-50659ecda06a8b79a41f24c1fdff05187324402b-dirty","v":0}
{"name":"1741637849","hostname":"DESKTOP-ATRG469","pid":8464,"level":20,"actorType":"ACTOR1","actorId":"51646","time":"2025-03-10T20:17:32.1693106Z","msg":"DEBUG:   opentest-base-0.0.1.jar: 2022-02-25 10:58 -0600 0.0.1-50659ecda06a8b79a41f24c1fdff05187324402b-dirty","v":0}
{"name":"1741637849","hostname":"DESKTOP-ATRG469","pid":8464,"level":20,"actorType":"ACTOR1","actorId":"51646","time":"2025-03-10T20:17:32.1693106Z","msg":"DEBUG:   opentest-selenium-0.0.1.jar: 2022-02-25 10:58 -0600 0.0.1-50659ecda06a8b79a41f24c1fdff05187324402b-dirty","v":0}
{"name":"1741637849","hostname":"DESKTOP-ATRG469","pid":8464,"level":40,"actorType":"ACTOR1","actorId":"51646","time":"2025-03-10T20:17:32.1703093Z","msg":"WARN: Failed to log extension JARs","v":0}
{"name":"1741637849","hostname":"DESKTOP-ATRG469","pid":8464,"level":10,"actorType":"ACTOR1","actorId":"51646","time":"2025-03-10T20:17:32.1703093Z","msg":"TRACE: Firing SESSION_STARTED event...","v":0}
{"name":"1741637849","hostname":"DESKTOP-ATRG469","pid":8464,"level":30,"actorType":"ACTOR1","actorId":"51646","time":"2025-03-10T20:17:32.18931Z","msg":"==================== ACTOR1: web/DemoBlaze/Caso1 ====================","v":0}
{"name":"1741637849","hostname":"DESKTOP-ATRG469","pid":8464,"level":30,"actorType":"ACTOR1","actorId":"51646","time":"2025-03-10T20:17:32.18931Z","msg":"Actor ACTOR1 started executing test web/DemoBlaze/Caso1...","v":0}
{"name":"1741637849","hostname":"DESKTOP-ATRG469","pid":8464,"level":10,"actorType":"ACTOR1","actorId":"51646","time":"2025-03-10T20:17:32.18931Z","msg":"TRACE: Firing TEST_STARTED event...","v":0}
{"name":"1741637849","hostname":"DESKTOP-ATRG469","pid":8464,"level":30,"actorType":"ACTOR1","actorId":"51646","time":"2025-03-10T20:17:32.2053117Z","msg":"Executing segment 1 of test web/DemoBlaze/Caso1...","v":0}
{"name":"1741637849","hostname":"DESKTOP-ATRG469","pid":8464,"level":30,"actorType":"ACTOR1","actorId":"51646","time":"2025-03-10T20:17:32.2053117Z","msg":"Evaluating action 1/5 (DemoBlaze.GoTo) in segment 1...","v":0}
{"name":"1741637849","hostname":"DESKTOP-ATRG469","pid":8464,"level":30,"actorType":"ACTOR1","actorId":"51646","time":"2025-03-10T20:17:32.2103107Z","msg":"Executing macro DemoBlaze/GoTo with arguments {\"website\":\"https://www.demoblaze.com/index.html\"}...","v":0}
{"name":"1741637849","hostname":"DESKTOP-ATRG469","pid":8464,"level":30,"actorType":"ACTOR1","actorId":"51646","time":"2025-03-10T20:17:32.2103107Z","msg":"Evaluating action 1/2 in macro DemoBlaze/GoTo (Navigate to the wiki page)...","v":0}
{"name":"1741637849","hostname":"DESKTOP-ATRG469","pid":8464,"level":10,"actorType":"ACTOR1","actorId":"51646","time":"2025-03-10T20:17:32.2113095Z","msg":"TRACE: Initializing action org.getopentest.selenium.NavigateTo...","v":0}
{"name":"1741637849","hostname":"DESKTOP-ATRG469","pid":8464,"level":30,"actorType":"ACTOR1","actorId":"51646","time":"2025-03-10T20:17:32.2123107Z","msg":"Using local Selenium server","v":0}
{"name":"1741637849","hostname":"DESKTOP-ATRG469","pid":8464,"level":10,"actorType":"ACTOR1","actorId":"51646","time":"2025-03-10T20:17:32.2123107Z","msg":"TRACE: Setting system property \"webdriver.chrome.driver\" to \"C:/Users/casa/Documents/opentest/forza/driver/chromedriver.exe\"","v":0}
{"name":"1741637849","hostname":"DESKTOP-ATRG469","pid":8464,"level":30,"actorType":"ACTOR1","actorId":"51646","time":"2025-03-10T20:17:32.8258261Z","msg":"Executing action org.getopentest.selenium.NavigateTo with arguments {\"url\":\"https://www.demoblaze.com/index.html\"}...","v":0}
{"name":"1741637849","hostname":"DESKTOP-ATRG469","pid":8464,"level":30,"actorType":"ACTOR1","actorId":"51646","time":"2025-03-10T20:17:34.8814126Z","msg":"Evaluating action 2/2 in macro DemoBlaze/GoTo...","v":0}
{"name":"1741637849","hostname":"DESKTOP-ATRG469","pid":8464,"level":10,"actorType":"ACTOR1","actorId":"51646","time":"2025-03-10T20:17:34.8824141Z","msg":"TRACE: Initializing action org.getopentest.base.ScriptAction...","v":0}
{"name":"1741637849","hostname":"DESKTOP-ATRG469","pid":8464,"level":30,"actorType":"ACTOR1","actorId":"51646","time":"2025-03-10T20:17:34.8824141Z","msg":"Executing action org.getopentest.base.ScriptAction (no arguments were provided)...","v":0}
{"name":"1741637849","hostname":"DESKTOP-ATRG469","pid":8464,"level":30,"actorType":"ACTOR1","actorId":"51646","time":"2025-03-10T20:17:39.8978933Z","msg":"Evaluating action 2/5 (DemoBlaze.ChooseCategory) in segment 1...","v":0}
{"name":"1741637849","hostname":"DESKTOP-ATRG469","pid":8464,"level":30,"actorType":"ACTOR1","actorId":"51646","time":"2025-03-10T20:17:39.9118488Z","msg":"Executing macro DemoBlaze/ChooseCategory with arguments {\"category\":\"Phones\"}...","v":0}
{"name":"1741637849","hostname":"DESKTOP-ATRG469","pid":8464,"level":30,"actorType":"ACTOR1","actorId":"51646","time":"2025-03-10T20:17:39.9128448Z","msg":"Evaluating action 1/1 in macro DemoBlaze/ChooseCategory...","v":0}
{"name":"1741637849","hostname":"DESKTOP-ATRG469","pid":8464,"level":10,"actorType":"ACTOR1","actorId":"51646","time":"2025-03-10T20:17:39.9128448Z","msg":"TRACE: Initializing action org.getopentest.base.ScriptAction...","v":0}
{"name":"1741637849","hostname":"DESKTOP-ATRG469","pid":8464,"level":30,"actorType":"ACTOR1","actorId":"51646","time":"2025-03-10T20:17:39.9128448Z","msg":"Executing action org.getopentest.base.ScriptAction (no arguments were provided)...","v":0}
{"name":"1741637849","hostname":"DESKTOP-ATRG469","pid":8464,"level":10,"actorType":"ACTOR1","actorId":"51646","time":"2025-03-10T20:17:39.9258406Z","msg":"TRACE: Initializing action org.getopentest.selenium.Click...","v":0}
{"name":"1741637849","hostname":"DESKTOP-ATRG469","pid":8464,"level":30,"actorType":"ACTOR1","actorId":"51646","time":"2025-03-10T20:17:39.9258406Z","msg":"Executing action org.getopentest.selenium.Click with arguments {\"locator\":{\"xpath\":\"//div[a[text()='CATEGORIES']]/a[text()='Phones']\"}}...","v":0}
{"name":"1741637849","hostname":"DESKTOP-ATRG469","pid":8464,"level":30,"actorType":"ACTOR1","actorId":"51646","time":"2025-03-10T20:17:40.0386234Z","msg":"Evaluating action 3/5 (DemoBlaze.AddToCart) in segment 1...","v":0}
{"name":"1741637849","hostname":"DESKTOP-ATRG469","pid":8464,"level":30,"actorType":"ACTOR1","actorId":"51646","time":"2025-03-10T20:17:40.0436238Z","msg":"Executing macro DemoBlaze/AddToCart with arguments {\"item\":\"Samsung galaxy s6\"}...","v":0}
{"name":"1741637849","hostname":"DESKTOP-ATRG469","pid":8464,"level":30,"actorType":"ACTOR1","actorId":"51646","time":"2025-03-10T20:17:40.0436238Z","msg":"Evaluating action 1/1 in macro DemoBlaze/AddToCart...","v":0}
{"name":"1741637849","hostname":"DESKTOP-ATRG469","pid":8464,"level":10,"actorType":"ACTOR1","actorId":"51646","time":"2025-03-10T20:17:40.0436238Z","msg":"TRACE: Initializing action org.getopentest.base.ScriptAction...","v":0}
{"name":"1741637849","hostname":"DESKTOP-ATRG469","pid":8464,"level":30,"actorType":"ACTOR1","actorId":"51646","time":"2025-03-10T20:17:40.0436238Z","msg":"Executing action org.getopentest.base.ScriptAction (no arguments were provided)...","v":0}
{"name":"1741637849","hostname":"DESKTOP-ATRG469","pid":8464,"level":10,"actorType":"ACTOR1","actorId":"51646","time":"2025-03-10T20:17:40.0576245Z","msg":"TRACE: Initializing action org.getopentest.selenium.Click...","v":0}
{"name":"1741637849","hostname":"DESKTOP-ATRG469","pid":8464,"level":30,"actorType":"ACTOR1","actorId":"51646","time":"2025-03-10T20:17:40.0576245Z","msg":"Executing action org.getopentest.selenium.Click with arguments {\"locator\":{\"xpath\":\"//h4/a[text()='Samsung galaxy s6']\"}}...","v":0}
{"name":"1741637849","hostname":"DESKTOP-ATRG469","pid":8464,"level":10,"actorType":"ACTOR1","actorId":"51646","time":"2025-03-10T20:17:40.3957394Z","msg":"TRACE: Initializing action org.getopentest.selenium.Click...","v":0}
{"name":"1741637849","hostname":"DESKTOP-ATRG469","pid":8464,"level":30,"actorType":"ACTOR1","actorId":"51646","time":"2025-03-10T20:17:40.3957394Z","msg":"Executing action org.getopentest.selenium.Click with arguments {\"locator\":{\"xpath\":\"//div/div/a[text()=\\\"Add to cart\\\"]\"}}...","v":0}
{"name":"1741637849","hostname":"DESKTOP-ATRG469","pid":8464,"level":10,"actorType":"ACTOR1","actorId":"51646","time":"2025-03-10T20:17:41.0138339Z","msg":"TRACE: Initializing action org.getopentest.selenium.HandleModal...","v":0}
{"name":"1741637849","hostname":"DESKTOP-ATRG469","pid":8464,"level":30,"actorType":"ACTOR1","actorId":"51646","time":"2025-03-10T20:17:41.014834Z","msg":"Executing action org.getopentest.selenium.HandleModal with arguments {\"perform\":\"getText\"}...","v":0}
{"name":"1741637849","hostname":"DESKTOP-ATRG469","pid":8464,"level":20,"actorType":"ACTOR1","actorId":"51646","time":"2025-03-10T20:17:41.5517056Z","msg":"DEBUG: The output values from action org.getopentest.selenium.HandleModal were: \n\t>>>>> text = \"Product added\"","v":0}
{"name":"1741637849","hostname":"DESKTOP-ATRG469","pid":8464,"level":30,"actorType":"ACTOR1","actorId":"51646","time":"2025-03-10T20:17:41.5746081Z","msg":"The dialog box said: Product added","v":0}
{"name":"1741637849","hostname":"DESKTOP-ATRG469","pid":8464,"level":30,"actorType":"ACTOR1","actorId":"51646","time":"2025-03-10T20:17:43.5896551Z","msg":"Evaluating action 4/5 (DemoBlaze.PlaceOrder) in segment 1...","v":0}
{"name":"1741637849","hostname":"DESKTOP-ATRG469","pid":8464,"level":30,"actorType":"ACTOR1","actorId":"51646","time":"2025-03-10T20:17:43.5926571Z","msg":"Executing macro DemoBlaze/PlaceOrder (no arguments were provided)...","v":0}
{"name":"1741637849","hostname":"DESKTOP-ATRG469","pid":8464,"level":30,"actorType":"ACTOR1","actorId":"51646","time":"2025-03-10T20:17:43.5926571Z","msg":"Evaluating action 1/1 in macro DemoBlaze/PlaceOrder...","v":0}
{"name":"1741637849","hostname":"DESKTOP-ATRG469","pid":8464,"level":10,"actorType":"ACTOR1","actorId":"51646","time":"2025-03-10T20:17:43.5926571Z","msg":"TRACE: Initializing action org.getopentest.base.ScriptAction...","v":0}
{"name":"1741637849","hostname":"DESKTOP-ATRG469","pid":8464,"level":30,"actorType":"ACTOR1","actorId":"51646","time":"2025-03-10T20:17:43.5926571Z","msg":"Executing action org.getopentest.base.ScriptAction (no arguments were provided)...","v":0}
{"name":"1741637849","hostname":"DESKTOP-ATRG469","pid":8464,"level":10,"actorType":"ACTOR1","actorId":"51646","time":"2025-03-10T20:17:43.600658Z","msg":"TRACE: Initializing action org.getopentest.selenium.Click...","v":0}
{"name":"1741637849","hostname":"DESKTOP-ATRG469","pid":8464,"level":30,"actorType":"ACTOR1","actorId":"51646","time":"2025-03-10T20:17:43.600658Z","msg":"Executing action org.getopentest.selenium.Click with arguments {\"locator\":{\"xpath\":\"//ul/li/a[text()=\\\"Cart\\\"]\"}}...","v":0}
{"name":"1741637849","hostname":"DESKTOP-ATRG469","pid":8464,"level":40,"actorType":"ACTOR1","actorId":"51646","time":"2025-03-10T20:17:43.6056563Z","msg":"WARN: The waitForAsyncCallsToFinish method failed.","v":0}
{"name":"1741637849","hostname":"DESKTOP-ATRG469","pid":8464,"level":40,"actorType":"ACTOR1","actorId":"51646","time":"2025-03-10T20:17:43.6056563Z","msg":"WARN: org.openqa.selenium.UnhandledAlertException: unexpected alert open: {Alert text : Product added}\n  (Session info: chrome=134.0.6998.36): Product added\nBuild info: version: '3.141.59', revision: 'e82be7d358', time: '2018-11-14T08:17:03'\nSystem info: host: 'DESKTOP-ATRG469', ip: '192.168.0.5', os.name: 'Windows 10', os.arch: 'amd64', os.version: '10.0', java.version: '11.0.26'\nDriver info: org.openqa.selenium.chrome.ChromeDriver\nCapabilities {acceptInsecureCerts: false, browserName: chrome, browserVersion: 134.0.6998.36, chrome: {chromedriverVersion: 134.0.6998.35 (ea6ef4c2ac15..., userDataDir: C:\\Users\\casa\\AppData\\Local...}, fedcm:accounts: true, goog:chromeOptions: {debuggerAddress: localhost:64967}, javascriptEnabled: true, networkConnectionEnabled: false, pageLoadStrategy: normal, platform: WINDOWS, platformName: WINDOWS, proxy: Proxy(), setWindowRect: true, strictFileInteractability: false, timeouts: {implicit: 0, pageLoad: 300000, script: 30000}, unhandledPromptBehavior: dismiss and notify, webauthn:extension:credBlob: true, webauthn:extension:largeBlob: true, webauthn:extension:minPinLength: true, webauthn:extension:prf: true, webauthn:virtualAuthenticators: true}\nSession ID: 4c7da8d39933de4e332a39c0b65c9f08\r\n\tat org.openqa.selenium.remote.http.W3CHttpResponseCodec.decode(W3CHttpResponseCodec.java:120)\r\n\tat org.openqa.selenium.remote.http.W3CHttpResponseCodec.decode(W3CHttpResponseCodec.java:49)\r\n\tat org.openqa.selenium.remote.HttpCommandExecutor.execute(HttpCommandExecutor.java:158)\r\n\tat org.openqa.selenium.remote.service.DriverCommandExecutor.execute(DriverCommandExecutor.java:83)\r\n\tat org.openqa.selenium.remote.RemoteWebDriver.execute(RemoteWebDriver.java:552)\r\n\tat org.openqa.selenium.remote.RemoteWebDriver.executeAsyncScript(RemoteWebDriver.java:506)\r\n\tat com.paulhammant.ngwebdriver.NgWebDriver.waitForAngularRequestsToFinish(NgWebDriver.java:68)\r\n\tat org.getopentest.selenium.core.SeleniumTestAction.waitForAsyncCallsToFinish(SeleniumTestAction.java:318)\r\n\tat org.getopentest.selenium.Click.run(Click.java:26)\r\n\tat org.getopentest.base.TestActor.executeAction(TestActor.java:1571)\r\n\tat org.getopentest.base.TestActor.executeActionByClassName(TestActor.java:1647)\r\n\tat org.getopentest.base.TestActor.executeActionByDef(TestActor.java:1749)\r\n\tat org.getopentest.base.TestActor.access$1200(TestActor.java:84)\r\n\tat org.getopentest.base.TestActor$23.call(TestActor.java:873)\r\n\tat jdk.scripting.nashorn/jdk.nashorn.internal.runtime.linker.JSObjectLinker.jsObjectScopeCall(JSObjectLinker.java:254)\r\n\tat jdk.scripting.nashorn.scripts/jdk.nashorn.internal.scripts.Script$Recompilation$590$\\^eval\\_$cu1$restOf/0x0000000800536040.:program(<eval>:2)\r\n\tat jdk.scripting.nashorn/jdk.nashorn.internal.runtime.ScriptFunctionData.invoke(ScriptFunctionData.java:655)\r\n\tat jdk.scripting.nashorn/jdk.nashorn.internal.runtime.ScriptFunction.invoke(ScriptFunction.java:513)\r\n\tat jdk.scripting.nashorn/jdk.nashorn.internal.runtime.ScriptRuntime.apply(ScriptRuntime.java:527)\r\n\tat jdk.scripting.nashorn/jdk.nashorn.api.scripting.NashornScriptEngine.evalImpl(NashornScriptEngine.java:456)\r\n\tat jdk.scripting.nashorn/jdk.nashorn.api.scripting.NashornScriptEngine.evalImpl(NashornScriptEngine.java:413)\r\n\tat jdk.scripting.nashorn/jdk.nashorn.api.scripting.NashornScriptEngine.evalImpl(NashornScriptEngine.java:409)\r\n\tat jdk.scripting.nashorn/jdk.nashorn.api.scripting.NashornScriptEngine.eval(NashornScriptEngine.java:162)\r\n\tat java.scripting/javax.script.AbstractScriptEngine.eval(AbstractScriptEngine.java:264)\r\n\tat org.getopentest.base.TestActor.evalScript(TestActor.java:1476)\r\n\tat org.getopentest.base.ScriptAction.run(ScriptAction.java:32)\r\n\tat org.getopentest.base.TestActor.executeAction(TestActor.java:1571)\r\n\tat org.getopentest.base.TestActor.executeActionByDef(TestActor.java:1739)\r\n\tat org.getopentest.base.TestActor.executeMacroActionByDef(TestActor.java:1938)\r\n\tat org.getopentest.base.TestActor.executeMacroActionByName(TestActor.java:2013)\r\n\tat org.getopentest.base.TestActor.executeActionByDef(TestActor.java:1745)\r\n\tat org.getopentest.base.TestActor.executeTestSegment(TestActor.java:2092)\r\n\tat org.getopentest.base.TestActor.runOneSession(TestActor.java:3077)\r\n\tat org.getopentest.base.TestActor.runOneSession(TestActor.java:3113)\r\n\tat org.getopentest.Main.main(Main.java:20)\r\n","v":0}
{"name":"1741637849","hostname":"DESKTOP-ATRG469","pid":8464,"level":10,"actorType":"ACTOR1","actorId":"51646","time":"2025-03-10T20:17:45.9309502Z","msg":"TRACE: Initializing action org.getopentest.selenium.Click...","v":0}
{"name":"1741637849","hostname":"DESKTOP-ATRG469","pid":8464,"level":30,"actorType":"ACTOR1","actorId":"51646","time":"2025-03-10T20:17:45.9309502Z","msg":"Executing action org.getopentest.selenium.Click with arguments {\"locator\":{\"xpath\":\"//div/div/button[text()=\\\"Place Order\\\"]\"}}...","v":0}
{"name":"1741637849","hostname":"DESKTOP-ATRG469","pid":8464,"level":10,"actorType":"ACTOR1","actorId":"51646","time":"2025-03-10T20:17:46.0225383Z","msg":"TRACE: Initializing action org.getopentest.selenium.AssertElementVisible...","v":0}
{"name":"1741637849","hostname":"DESKTOP-ATRG469","pid":8464,"level":30,"actorType":"ACTOR1","actorId":"51646","time":"2025-03-10T20:17:46.0225383Z","msg":"Executing action org.getopentest.selenium.AssertElementVisible with arguments {\"locator\":{\"xpath\":\"//div/div/h5[text()=\\\"Place order\\\"]\"}}...","v":0}
{"name":"1741637849","hostname":"DESKTOP-ATRG469","pid":8464,"level":30,"actorType":"ACTOR1","actorId":"51646","time":"2025-03-10T20:17:49.6376113Z","msg":"Evaluating action 5/5 (DemoBlaze.FillModalPlaceOrder) in segment 1...","v":0}
{"name":"1741637849","hostname":"DESKTOP-ATRG469","pid":8464,"level":30,"actorType":"ACTOR1","actorId":"51646","time":"2025-03-10T20:17:49.6579319Z","msg":"Executing macro DemoBlaze/FillModalPlaceOrder (no arguments were provided)...","v":0}
{"name":"1741637849","hostname":"DESKTOP-ATRG469","pid":8464,"level":30,"actorType":"ACTOR1","actorId":"51646","time":"2025-03-10T20:17:49.6581292Z","msg":"Evaluating action 1/1 in macro DemoBlaze/FillModalPlaceOrder...","v":0}
{"name":"1741637849","hostname":"DESKTOP-ATRG469","pid":8464,"level":10,"actorType":"ACTOR1","actorId":"51646","time":"2025-03-10T20:17:49.6581292Z","msg":"TRACE: Initializing action org.getopentest.base.ScriptAction...","v":0}
{"name":"1741637849","hostname":"DESKTOP-ATRG469","pid":8464,"level":30,"actorType":"ACTOR1","actorId":"51646","time":"2025-03-10T20:17:49.6591434Z","msg":"Executing action org.getopentest.base.ScriptAction (no arguments were provided)...","v":0}
{"name":"1741637849","hostname":"DESKTOP-ATRG469","pid":8464,"level":10,"actorType":"ACTOR1","actorId":"51646","time":"2025-03-10T20:17:51.6846587Z","msg":"TRACE: Initializing action org.getopentest.selenium.SendKeys...","v":0}
{"name":"1741637849","hostname":"DESKTOP-ATRG469","pid":8464,"level":30,"actorType":"ACTOR1","actorId":"51646","time":"2025-03-10T20:17:51.686651Z","msg":"Executing action org.getopentest.selenium.SendKeys with arguments {\"locator\":{\"xpath\":\"//div[@class='form-group' and label[text()='Name:']]/input\"},\"text\":\"Christopher Herrera\"}...","v":0}
{"name":"1741637849","hostname":"DESKTOP-ATRG469","pid":8464,"level":10,"actorType":"ACTOR1","actorId":"51646","time":"2025-03-10T20:17:51.8017547Z","msg":"TRACE: Initializing action org.getopentest.selenium.SendKeys...","v":0}
{"name":"1741637849","hostname":"DESKTOP-ATRG469","pid":8464,"level":30,"actorType":"ACTOR1","actorId":"51646","time":"2025-03-10T20:17:51.8017547Z","msg":"Executing action org.getopentest.selenium.SendKeys with arguments {\"locator\":{\"xpath\":\"//div[@class='form-group' and label[text()='Country:']]/input\"},\"text\":\"Guatemala\"}...","v":0}
{"name":"1741637849","hostname":"DESKTOP-ATRG469","pid":8464,"level":10,"actorType":"ACTOR1","actorId":"51646","time":"2025-03-10T20:17:51.887617Z","msg":"TRACE: Initializing action org.getopentest.selenium.SendKeys...","v":0}
{"name":"1741637849","hostname":"DESKTOP-ATRG469","pid":8464,"level":30,"actorType":"ACTOR1","actorId":"51646","time":"2025-03-10T20:17:51.887617Z","msg":"Executing action org.getopentest.selenium.SendKeys with arguments {\"locator\":{\"xpath\":\"//div[@class='form-group' and label[text()='City:']]/input\"},\"text\":\"Petapa\"}...","v":0}
{"name":"1741637849","hostname":"DESKTOP-ATRG469","pid":8464,"level":10,"actorType":"ACTOR1","actorId":"51646","time":"2025-03-10T20:17:51.9957333Z","msg":"TRACE: Initializing action org.getopentest.selenium.SendKeys...","v":0}
{"name":"1741637849","hostname":"DESKTOP-ATRG469","pid":8464,"level":30,"actorType":"ACTOR1","actorId":"51646","time":"2025-03-10T20:17:51.9957333Z","msg":"Executing action org.getopentest.selenium.SendKeys with arguments {\"locator\":{\"xpath\":\"//div[@class='form-group' and label[text()='Credit card:']]/input\"},\"text\":\"3435535353535454545\"}...","v":0}
{"name":"1741637849","hostname":"DESKTOP-ATRG469","pid":8464,"level":10,"actorType":"ACTOR1","actorId":"51646","time":"2025-03-10T20:17:52.1066187Z","msg":"TRACE: Initializing action org.getopentest.selenium.Click...","v":0}
{"name":"1741637849","hostname":"DESKTOP-ATRG469","pid":8464,"level":30,"actorType":"ACTOR1","actorId":"51646","time":"2025-03-10T20:17:52.1066187Z","msg":"Executing action org.getopentest.selenium.Click with arguments {\"locator\":{\"xpath\":\"//div/button[text()='Purchase']\"}}...","v":0}
{"name":"1741637849","hostname":"DESKTOP-ATRG469","pid":8464,"level":10,"actorType":"ACTOR1","actorId":"51646","time":"2025-03-10T20:17:52.2085144Z","msg":"TRACE: Initializing action org.getopentest.selenium.AssertElementVisible...","v":0}
{"name":"1741637849","hostname":"DESKTOP-ATRG469","pid":8464,"level":30,"actorType":"ACTOR1","actorId":"51646","time":"2025-03-10T20:17:52.2085144Z","msg":"Executing action org.getopentest.selenium.AssertElementVisible with arguments {\"locator\":{\"xpath\":\"//*/h2[text()='Thank you for your purchase!']\"}}...","v":0}
{"name":"1741637849","hostname":"DESKTOP-ATRG469","pid":8464,"level":10,"actorType":"ACTOR1","actorId":"51646","time":"2025-03-10T20:17:52.2485429Z","msg":"TRACE: Initializing action org.getopentest.selenium.Click...","v":0}
{"name":"1741637849","hostname":"DESKTOP-ATRG469","pid":8464,"level":30,"actorType":"ACTOR1","actorId":"51646","time":"2025-03-10T20:17:52.2485429Z","msg":"Executing action org.getopentest.selenium.Click with arguments {\"locator\":{\"xpath\":\"//div/button[text()='OK']\"}}...","v":0}
{"name":"1741637849","hostname":"DESKTOP-ATRG469","pid":8464,"level":10,"actorType":"ACTOR1","actorId":"51646","time":"2025-03-10T20:17:52.3395472Z","msg":"TRACE: Initializing action org.getopentest.selenium.ExecuteScript...","v":0}
{"name":"1741637849","hostname":"DESKTOP-ATRG469","pid":8464,"level":30,"actorType":"ACTOR1","actorId":"51646","time":"2025-03-10T20:17:52.3405444Z","msg":"Executing action org.getopentest.selenium.ExecuteScript with arguments {\"script\":\"location.reload();\"}...","v":0}
{"name":"1741637849","hostname":"DESKTOP-ATRG469","pid":8464,"level":20,"actorType":"ACTOR1","actorId":"51646","time":"2025-03-10T20:17:52.4935995Z","msg":"DEBUG: The output values from action org.getopentest.selenium.ExecuteScript were: \n\t>>>>> result = null","v":0}
{"name":"1741637849","hostname":"DESKTOP-ATRG469","pid":8464,"level":30,"actorType":"ACTOR1","actorId":"51646","time":"2025-03-10T20:17:57.0226353Z","msg":"Test session has completed","v":0}
{"name":"1741637849","hostname":"DESKTOP-ATRG469","pid":8464,"level":10,"actorType":"ACTOR1","actorId":"51646","time":"2025-03-10T20:17:57.0236501Z","msg":"TRACE: Firing TEST_COMPLETED event...","v":0}
{"name":"1741637849","hostname":"DESKTOP-ATRG469","pid":8464,"level":10,"actorType":"ACTOR1","actorId":"51646","time":"2025-03-10T20:17:57.1769012Z","msg":"TRACE: Firing SESSION_COMPLETED event...","v":0}
{"name":"1741637849","hostname":"DESKTOP-ATRG469","pid":8464,"level":30,"actorType":"ACTOR1","actorId":"51646","time":"2025-03-10T20:17:57.1769012Z","msg":"Actor 51646 of type ACTOR1 with no tags is waiting to be acquired by a test session...","v":0}
{"name":"1741637849","hostname":"DESKTOP-ATRG469","pid":8464,"level":10,"actorType":"ACTOR1","actorId":"51646","time":"2025-03-10T20:18:52.1128365Z","msg":"TRACE: Initializing test session information in the \"announce\" method...","v":0}
{"name":"1741637849","hostname":"DESKTOP-ATRG469","pid":8464,"level":10,"actorType":"ACTOR1","actorId":"51646","time":"2025-03-10T20:18:52.1128365Z","msg":"TRACE: Session ID in sync server response was 1741637932; actor session ID was null","v":0}
