{"name":"1741652089","hostname":"DESKTOP-ATRG469","pid":24684,"level":20,"msg":"Sync server version: 1.3.8 2022-02-25 10:58:11 -0600 50659ecda06a8b79a41f24c1fdff05187324402b","time":"2025-03-11T00:14:49.242Z","v":0}
{"name":"1741652089","hostname":"DESKTOP-ATRG469","pid":24684,"level":30,"msg":"Acquiring actors for session 1741652089: ACTOR1","time":"2025-03-11T00:14:49.244Z","v":0}
{"name":"1741652089","hostname":"DESKTOP-ATRG469","pid":24684,"level":30,"msg":"Session 1741652089 with label \"null\" started at 2025-03-11 00:14:49 UTC","time":"2025-03-11T00:14:49.245Z","v":0}
{"name":"1741652089","hostname":"DESKTOP-ATRG469","pid":24684,"level":30,"actorType":"ACTOR1","actorId":"25007","time":"2025-03-11T00:14:52.0456853Z","msg":"Actor 25007 of type ACTOR1 was acquired by test session 1741652089","v":0}
{"name":"1741652089","hostname":"DESKTOP-ATRG469","pid":24684,"level":20,"actorType":"ACTOR1","actorId":"25007","time":"2025-03-11T00:14:52.0549974Z","msg":"DEBUG:   opentest-appium-0.0.1.jar: 2022-02-25 10:58 -0600 0.0.1-50659ecda06a8b79a41f24c1fdff05187324402b-dirty","v":0}
{"name":"1741652089","hostname":"DESKTOP-ATRG469","pid":24684,"level":20,"actorType":"ACTOR1","actorId":"25007","time":"2025-03-11T00:14:52.0560034Z","msg":"DEBUG:   opentest-selenium-0.0.1.jar: 2022-02-25 10:58 -0600 0.0.1-50659ecda06a8b79a41f24c1fdff05187324402b-dirty","v":0}
{"name":"1741652089","hostname":"DESKTOP-ATRG469","pid":24684,"level":20,"actorType":"ACTOR1","actorId":"25007","time":"2025-03-11T00:14:52.0546727Z","msg":"DEBUG: Test actor JAR versions:","v":0}
{"name":"1741652089","hostname":"DESKTOP-ATRG469","pid":24684,"level":20,"actorType":"ACTOR1","actorId":"25007","time":"2025-03-11T00:14:52.0549974Z","msg":"DEBUG:   opentest-base-0.0.1.jar: 2022-02-25 10:58 -0600 0.0.1-50659ecda06a8b79a41f24c1fdff05187324402b-dirty","v":0}
{"name":"1741652089","hostname":"DESKTOP-ATRG469","pid":24684,"level":40,"actorType":"ACTOR1","actorId":"25007","time":"2025-03-11T00:14:52.0560034Z","msg":"WARN: Failed to log extension JARs","v":0}
{"name":"1741652089","hostname":"DESKTOP-ATRG469","pid":24684,"level":10,"actorType":"ACTOR1","actorId":"25007","time":"2025-03-11T00:14:52.0560034Z","msg":"TRACE: Firing SESSION_STARTED event...","v":0}
{"name":"1741652089","hostname":"DESKTOP-ATRG469","pid":24684,"level":30,"actorType":"ACTOR1","actorId":"25007","time":"2025-03-11T00:14:52.0830045Z","msg":"==================== ACTOR1: web/DemoBlaze/Caso8 ====================","v":0}
{"name":"1741652089","hostname":"DESKTOP-ATRG469","pid":24684,"level":30,"actorType":"ACTOR1","actorId":"25007","time":"2025-03-11T00:14:52.0830045Z","msg":"Actor ACTOR1 started executing test web/DemoBlaze/Caso8...","v":0}
{"name":"1741652089","hostname":"DESKTOP-ATRG469","pid":24684,"level":10,"actorType":"ACTOR1","actorId":"25007","time":"2025-03-11T00:14:52.0830045Z","msg":"TRACE: Firing TEST_STARTED event...","v":0}
{"name":"1741652089","hostname":"DESKTOP-ATRG469","pid":24684,"level":30,"actorType":"ACTOR1","actorId":"25007","time":"2025-03-11T00:14:52.1030029Z","msg":"Executing segment 1 of test web/DemoBlaze/Caso8...","v":0}
{"name":"1741652089","hostname":"DESKTOP-ATRG469","pid":24684,"level":30,"actorType":"ACTOR1","actorId":"25007","time":"2025-03-11T00:14:52.1030029Z","msg":"Evaluating action 1/3 (DemoBlaze.GoTo) in segment 1...","v":0}
{"name":"1741652089","hostname":"DESKTOP-ATRG469","pid":24684,"level":30,"actorType":"ACTOR1","actorId":"25007","time":"2025-03-11T00:14:52.1070033Z","msg":"Executing macro DemoBlaze/GoTo with arguments {\"website\":\"https://www.demoblaze.com/index.html\"}...","v":0}
{"name":"1741652089","hostname":"DESKTOP-ATRG469","pid":24684,"level":30,"actorType":"ACTOR1","actorId":"25007","time":"2025-03-11T00:14:52.1070033Z","msg":"Evaluating action 1/2 in macro DemoBlaze/GoTo (Navigate to the wiki page)...","v":0}
{"name":"1741652089","hostname":"DESKTOP-ATRG469","pid":24684,"level":10,"actorType":"ACTOR1","actorId":"25007","time":"2025-03-11T00:14:52.1090063Z","msg":"TRACE: Initializing action org.getopentest.selenium.NavigateTo...","v":0}
{"name":"1741652089","hostname":"DESKTOP-ATRG469","pid":24684,"level":30,"actorType":"ACTOR1","actorId":"25007","time":"2025-03-11T00:14:52.1090063Z","msg":"Using local Selenium server","v":0}
{"name":"1741652089","hostname":"DESKTOP-ATRG469","pid":24684,"level":10,"actorType":"ACTOR1","actorId":"25007","time":"2025-03-11T00:14:52.1090063Z","msg":"TRACE: Setting system property \"webdriver.chrome.driver\" to \"C:/Users/casa/Documents/opentest/forza/driver/chromedriver.exe\"","v":0}
{"name":"1741652089","hostname":"DESKTOP-ATRG469","pid":24684,"level":30,"actorType":"ACTOR1","actorId":"25007","time":"2025-03-11T00:14:52.7437297Z","msg":"Executing action org.getopentest.selenium.NavigateTo with arguments {\"url\":\"https://www.demoblaze.com/index.html\"}...","v":0}
{"name":"1741652089","hostname":"DESKTOP-ATRG469","pid":24684,"level":30,"actorType":"ACTOR1","actorId":"25007","time":"2025-03-11T00:14:54.9593615Z","msg":"Evaluating action 2/2 in macro DemoBlaze/GoTo...","v":0}
{"name":"1741652089","hostname":"DESKTOP-ATRG469","pid":24684,"level":10,"actorType":"ACTOR1","actorId":"25007","time":"2025-03-11T00:14:54.9603621Z","msg":"TRACE: Initializing action org.getopentest.base.ScriptAction...","v":0}
{"name":"1741652089","hostname":"DESKTOP-ATRG469","pid":24684,"level":30,"actorType":"ACTOR1","actorId":"25007","time":"2025-03-11T00:14:54.9603621Z","msg":"Executing action org.getopentest.base.ScriptAction (no arguments were provided)...","v":0}
{"name":"1741652089","hostname":"DESKTOP-ATRG469","pid":24684,"level":30,"actorType":"ACTOR1","actorId":"25007","time":"2025-03-11T00:14:59.9630169Z","msg":"Evaluating action 2/3 (DemoBlaze.ChooseNavOption) in segment 1...","v":0}
{"name":"1741652089","hostname":"DESKTOP-ATRG469","pid":24684,"level":30,"actorType":"ACTOR1","actorId":"25007","time":"2025-03-11T00:14:59.9830067Z","msg":"Executing macro DemoBlaze/ChooseNavOption with arguments {\"item\":\"Log in\"}...","v":0}
{"name":"1741652089","hostname":"DESKTOP-ATRG469","pid":24684,"level":30,"actorType":"ACTOR1","actorId":"25007","time":"2025-03-11T00:14:59.9840052Z","msg":"Evaluating action 1/1 in macro DemoBlaze/ChooseNavOption...","v":0}
{"name":"1741652089","hostname":"DESKTOP-ATRG469","pid":24684,"level":10,"actorType":"ACTOR1","actorId":"25007","time":"2025-03-11T00:14:59.9840052Z","msg":"TRACE: Initializing action org.getopentest.base.ScriptAction...","v":0}
{"name":"1741652089","hostname":"DESKTOP-ATRG469","pid":24684,"level":30,"actorType":"ACTOR1","actorId":"25007","time":"2025-03-11T00:14:59.9850075Z","msg":"Executing action org.getopentest.base.ScriptAction (no arguments were provided)...","v":0}
{"name":"1741652089","hostname":"DESKTOP-ATRG469","pid":24684,"level":10,"actorType":"ACTOR1","actorId":"25007","time":"2025-03-11T00:15:02.0153841Z","msg":"TRACE: Initializing action org.getopentest.selenium.ExecuteScript...","v":0}
{"name":"1741652089","hostname":"DESKTOP-ATRG469","pid":24684,"level":30,"actorType":"ACTOR1","actorId":"25007","time":"2025-03-11T00:15:02.0153841Z","msg":"Executing action org.getopentest.selenium.ExecuteScript with arguments {\"script\":\"var element = document.evaluate('//ul/li/a[text()=\\\"Log in\\\"]', document, null, XPathResult.FIRST_ORDERED_NODE_TYPE, null).singleNodeValue;if (element) {element.click();} else { console.log('error elemento no encontrado.'); }\"}...","v":0}
{"name":"1741652089","hostname":"DESKTOP-ATRG469","pid":24684,"level":20,"actorType":"ACTOR1","actorId":"25007","time":"2025-03-11T00:15:02.092714Z","msg":"DEBUG: The output values from action org.getopentest.selenium.ExecuteScript were: \n\t>>>>> result = null","v":0}
{"name":"1741652089","hostname":"DESKTOP-ATRG469","pid":24684,"level":30,"actorType":"ACTOR1","actorId":"25007","time":"2025-03-11T00:15:02.0957161Z","msg":"resultado clic: null","v":0}
{"name":"1741652089","hostname":"DESKTOP-ATRG469","pid":24684,"level":30,"actorType":"ACTOR1","actorId":"25007","time":"2025-03-11T00:15:03.1098799Z","msg":"Evaluating action 3/3 (DemoBlaze.Login) in segment 1...","v":0}
{"name":"1741652089","hostname":"DESKTOP-ATRG469","pid":24684,"level":30,"actorType":"ACTOR1","actorId":"25007","time":"2025-03-11T00:15:03.1138807Z","msg":"Executing macro DemoBlaze/Login with arguments {\"password\":\"cherrera45\",\"username\":\"cherrera45\"}...","v":0}
{"name":"1741652089","hostname":"DESKTOP-ATRG469","pid":24684,"level":30,"actorType":"ACTOR1","actorId":"25007","time":"2025-03-11T00:15:03.1138807Z","msg":"Evaluating action 1/1 in macro DemoBlaze/Login...","v":0}
{"name":"1741652089","hostname":"DESKTOP-ATRG469","pid":24684,"level":10,"actorType":"ACTOR1","actorId":"25007","time":"2025-03-11T00:15:03.1138807Z","msg":"TRACE: Initializing action org.getopentest.base.ScriptAction...","v":0}
{"name":"1741652089","hostname":"DESKTOP-ATRG469","pid":24684,"level":30,"actorType":"ACTOR1","actorId":"25007","time":"2025-03-11T00:15:03.1138807Z","msg":"Executing action org.getopentest.base.ScriptAction (no arguments were provided)...","v":0}
{"name":"1741652089","hostname":"DESKTOP-ATRG469","pid":24684,"level":10,"actorType":"ACTOR1","actorId":"25007","time":"2025-03-11T00:15:03.1278837Z","msg":"TRACE: Initializing action org.getopentest.selenium.SendKeys...","v":0}
{"name":"1741652089","hostname":"DESKTOP-ATRG469","pid":24684,"level":30,"actorType":"ACTOR1","actorId":"25007","time":"2025-03-11T00:15:03.1278837Z","msg":"Executing action org.getopentest.selenium.SendKeys with arguments {\"locator\":{\"xpath\":\"(//div[label[text()='Username:']]/input)[2]\"},\"text\":\"cherrera45\"}...","v":0}
{"name":"1741652089","hostname":"DESKTOP-ATRG469","pid":24684,"level":10,"actorType":"ACTOR1","actorId":"25007","time":"2025-03-11T00:15:03.242053Z","msg":"TRACE: Initializing action org.getopentest.selenium.SendKeys...","v":0}
{"name":"1741652089","hostname":"DESKTOP-ATRG469","pid":24684,"level":30,"actorType":"ACTOR1","actorId":"25007","time":"2025-03-11T00:15:03.243053Z","msg":"Executing action org.getopentest.selenium.SendKeys with arguments {\"locator\":{\"xpath\":\"(//div[label[text()='Password:']]/input)[2]\"},\"text\":\"cherrera45\"}...","v":0}
{"name":"1741652089","hostname":"DESKTOP-ATRG469","pid":24684,"level":10,"actorType":"ACTOR1","actorId":"25007","time":"2025-03-11T00:15:03.3320517Z","msg":"TRACE: Initializing action org.getopentest.selenium.Click...","v":0}
{"name":"1741652089","hostname":"DESKTOP-ATRG469","pid":24684,"level":30,"actorType":"ACTOR1","actorId":"25007","time":"2025-03-11T00:15:03.3320517Z","msg":"Executing action org.getopentest.selenium.Click with arguments {\"locator\":{\"xpath\":\"(//div/button[text()='Log in'])[1]\"}}...","v":0}
{"name":"1741652089","hostname":"DESKTOP-ATRG469","pid":24684,"level":30,"actorType":"ACTOR1","actorId":"25007","time":"2025-03-11T00:15:03.9367495Z","msg":"Test session has completed","v":0}
{"name":"1741652089","hostname":"DESKTOP-ATRG469","pid":24684,"level":10,"actorType":"ACTOR1","actorId":"25007","time":"2025-03-11T00:15:03.9367495Z","msg":"TRACE: Firing TEST_COMPLETED event...","v":0}
{"name":"1741652089","hostname":"DESKTOP-ATRG469","pid":24684,"level":10,"actorType":"ACTOR1","actorId":"25007","time":"2025-03-11T00:15:04.2124043Z","msg":"TRACE: Firing SESSION_COMPLETED event...","v":0}
{"name":"1741652089","hostname":"DESKTOP-ATRG469","pid":24684,"level":30,"actorType":"ACTOR1","actorId":"25007","time":"2025-03-11T00:15:04.2124043Z","msg":"Actor 25007 of type ACTOR1 with no tags is waiting to be acquired by a test session...","v":0}
{"name":"1741652089","hostname":"DESKTOP-ATRG469","pid":24684,"level":10,"actorType":"ACTOR1","actorId":"25007","time":"2025-03-11T00:18:07.2073043Z","msg":"TRACE: Initializing test session information in the \"announce\" method...","v":0}
{"name":"1741652089","hostname":"DESKTOP-ATRG469","pid":24684,"level":10,"actorType":"ACTOR1","actorId":"25007","time":"2025-03-11T00:18:07.2073043Z","msg":"TRACE: Session ID in sync server response was 1741652287; actor session ID was null","v":0}
