{"name":"1741642705","hostname":"DESKTOP-ATRG469","pid":8464,"level":20,"msg":"Sync server version: 1.3.8 2022-02-25 10:58:11 -0600 50659ecda06a8b79a41f24c1fdff05187324402b","time":"2025-03-10T21:38:25.123Z","v":0}
{"name":"1741642705","hostname":"DESKTOP-ATRG469","pid":8464,"level":30,"msg":"Acquiring actors for session 1741642705: ACTOR1","time":"2025-03-10T21:38:25.125Z","v":0}
{"name":"1741642705","hostname":"DESKTOP-ATRG469","pid":8464,"level":30,"msg":"Session 1741642705 with label \"Session 1741642642 2\" started at 2025-03-10 21:38:25 UTC","time":"2025-03-10T21:38:25.127Z","v":0}
{"name":"1741642705","hostname":"DESKTOP-ATRG469","pid":8464,"level":30,"actorType":"ACTOR1","actorId":"51646","time":"2025-03-10T21:38:26.5797428Z","msg":"Actor 51646 of type ACTOR1 was acquired by test session 1741642705","v":0}
{"name":"1741642705","hostname":"DESKTOP-ATRG469","pid":8464,"level":20,"actorType":"ACTOR1","actorId":"51646","time":"2025-03-10T21:38:26.5877473Z","msg":"DEBUG: Test actor JAR versions:","v":0}
{"name":"1741642705","hostname":"DESKTOP-ATRG469","pid":8464,"level":20,"actorType":"ACTOR1","actorId":"51646","time":"2025-03-10T21:38:26.587947Z","msg":"DEBUG:   opentest-appium-0.0.1.jar: 2022-02-25 10:58 -0600 0.0.1-50659ecda06a8b79a41f24c1fdff05187324402b-dirty","v":0}
{"name":"1741642705","hostname":"DESKTOP-ATRG469","pid":8464,"level":20,"actorType":"ACTOR1","actorId":"51646","time":"2025-03-10T21:38:26.587947Z","msg":"DEBUG:   opentest-base-0.0.1.jar: 2022-02-25 10:58 -0600 0.0.1-50659ecda06a8b79a41f24c1fdff05187324402b-dirty","v":0}
{"name":"1741642705","hostname":"DESKTOP-ATRG469","pid":8464,"level":20,"actorType":"ACTOR1","actorId":"51646","time":"2025-03-10T21:38:26.587947Z","msg":"DEBUG:   opentest-selenium-0.0.1.jar: 2022-02-25 10:58 -0600 0.0.1-50659ecda06a8b79a41f24c1fdff05187324402b-dirty","v":0}
{"name":"1741642705","hostname":"DESKTOP-ATRG469","pid":8464,"level":40,"actorType":"ACTOR1","actorId":"51646","time":"2025-03-10T21:38:26.5889573Z","msg":"WARN: Failed to log extension JARs","v":0}
{"name":"1741642705","hostname":"DESKTOP-ATRG469","pid":8464,"level":10,"actorType":"ACTOR1","actorId":"51646","time":"2025-03-10T21:38:26.5889573Z","msg":"TRACE: Firing SESSION_STARTED event...","v":0}
{"name":"1741642705","hostname":"DESKTOP-ATRG469","pid":8464,"level":30,"actorType":"ACTOR1","actorId":"51646","time":"2025-03-10T21:38:26.5999576Z","msg":"==================== ACTOR1: web/DemoBlaze/Caso3 ====================","v":0}
{"name":"1741642705","hostname":"DESKTOP-ATRG469","pid":8464,"level":30,"actorType":"ACTOR1","actorId":"51646","time":"2025-03-10T21:38:26.5999576Z","msg":"Actor ACTOR1 started executing test web/DemoBlaze/Caso3...","v":0}
{"name":"1741642705","hostname":"DESKTOP-ATRG469","pid":8464,"level":10,"actorType":"ACTOR1","actorId":"51646","time":"2025-03-10T21:38:26.5999576Z","msg":"TRACE: Firing TEST_STARTED event...","v":0}
{"name":"1741642705","hostname":"DESKTOP-ATRG469","pid":8464,"level":30,"actorType":"ACTOR1","actorId":"51646","time":"2025-03-10T21:38:26.6239575Z","msg":"Executing segment 1 of test web/DemoBlaze/Caso3...","v":0}
{"name":"1741642705","hostname":"DESKTOP-ATRG469","pid":8464,"level":30,"actorType":"ACTOR1","actorId":"51646","time":"2025-03-10T21:38:26.6239575Z","msg":"Evaluating action 1/6 (DemoBlaze.GoTo) in segment 1...","v":0}
{"name":"1741642705","hostname":"DESKTOP-ATRG469","pid":8464,"level":30,"actorType":"ACTOR1","actorId":"51646","time":"2025-03-10T21:38:26.6319554Z","msg":"Executing macro DemoBlaze/GoTo with arguments {\"website\":\"https://www.demoblaze.com/index.html\"}...","v":0}
{"name":"1741642705","hostname":"DESKTOP-ATRG469","pid":8464,"level":30,"actorType":"ACTOR1","actorId":"51646","time":"2025-03-10T21:38:26.6329563Z","msg":"Evaluating action 1/2 in macro DemoBlaze/GoTo (Navigate to the wiki page)...","v":0}
{"name":"1741642705","hostname":"DESKTOP-ATRG469","pid":8464,"level":10,"actorType":"ACTOR1","actorId":"51646","time":"2025-03-10T21:38:26.6339587Z","msg":"TRACE: Initializing action org.getopentest.selenium.NavigateTo...","v":0}
{"name":"1741642705","hostname":"DESKTOP-ATRG469","pid":8464,"level":30,"actorType":"ACTOR1","actorId":"51646","time":"2025-03-10T21:38:26.6339587Z","msg":"Using local Selenium server","v":0}
{"name":"1741642705","hostname":"DESKTOP-ATRG469","pid":8464,"level":10,"actorType":"ACTOR1","actorId":"51646","time":"2025-03-10T21:38:26.6339587Z","msg":"TRACE: Setting system property \"webdriver.chrome.driver\" to \"C:/Users/casa/Documents/opentest/forza/driver/chromedriver.exe\"","v":0}
{"name":"1741642705","hostname":"DESKTOP-ATRG469","pid":8464,"level":30,"actorType":"ACTOR1","actorId":"51646","time":"2025-03-10T21:38:27.2512265Z","msg":"Executing action org.getopentest.selenium.NavigateTo with arguments {\"url\":\"https://www.demoblaze.com/index.html\"}...","v":0}
{"name":"1741642705","hostname":"DESKTOP-ATRG469","pid":8464,"level":30,"actorType":"ACTOR1","actorId":"51646","time":"2025-03-10T21:38:29.3953944Z","msg":"Evaluating action 2/2 in macro DemoBlaze/GoTo...","v":0}
{"name":"1741642705","hostname":"DESKTOP-ATRG469","pid":8464,"level":10,"actorType":"ACTOR1","actorId":"51646","time":"2025-03-10T21:38:29.3953944Z","msg":"TRACE: Initializing action org.getopentest.base.ScriptAction...","v":0}
{"name":"1741642705","hostname":"DESKTOP-ATRG469","pid":8464,"level":30,"actorType":"ACTOR1","actorId":"51646","time":"2025-03-10T21:38:29.3963957Z","msg":"Executing action org.getopentest.base.ScriptAction (no arguments were provided)...","v":0}
{"name":"1741642705","hostname":"DESKTOP-ATRG469","pid":8464,"level":30,"actorType":"ACTOR1","actorId":"51646","time":"2025-03-10T21:38:34.3985897Z","msg":"Evaluating action 2/6 (DemoBlaze.ChooseCategory) in segment 1...","v":0}
{"name":"1741642705","hostname":"DESKTOP-ATRG469","pid":8464,"level":30,"actorType":"ACTOR1","actorId":"51646","time":"2025-03-10T21:38:34.4045893Z","msg":"Executing macro DemoBlaze/ChooseCategory with arguments {\"category\":\"Phones\"}...","v":0}
{"name":"1741642705","hostname":"DESKTOP-ATRG469","pid":8464,"level":30,"actorType":"ACTOR1","actorId":"51646","time":"2025-03-10T21:38:34.4045893Z","msg":"Evaluating action 1/1 in macro DemoBlaze/ChooseCategory...","v":0}
{"name":"1741642705","hostname":"DESKTOP-ATRG469","pid":8464,"level":10,"actorType":"ACTOR1","actorId":"51646","time":"2025-03-10T21:38:34.4045893Z","msg":"TRACE: Initializing action org.getopentest.base.ScriptAction...","v":0}
{"name":"1741642705","hostname":"DESKTOP-ATRG469","pid":8464,"level":30,"actorType":"ACTOR1","actorId":"51646","time":"2025-03-10T21:38:34.4045893Z","msg":"Executing action org.getopentest.base.ScriptAction (no arguments were provided)...","v":0}
{"name":"1741642705","hostname":"DESKTOP-ATRG469","pid":8464,"level":10,"actorType":"ACTOR1","actorId":"51646","time":"2025-03-10T21:38:34.421593Z","msg":"TRACE: Initializing action org.getopentest.selenium.Click...","v":0}
{"name":"1741642705","hostname":"DESKTOP-ATRG469","pid":8464,"level":30,"actorType":"ACTOR1","actorId":"51646","time":"2025-03-10T21:38:34.421593Z","msg":"Executing action org.getopentest.selenium.Click with arguments {\"locator\":{\"xpath\":\"//div[a[text()='CATEGORIES']]/a[text()='Phones']\"}}...","v":0}
{"name":"1741642705","hostname":"DESKTOP-ATRG469","pid":8464,"level":30,"actorType":"ACTOR1","actorId":"51646","time":"2025-03-10T21:38:34.5365656Z","msg":"Evaluating action 3/6 (DemoBlaze.AddToCart) in segment 1...","v":0}
{"name":"1741642705","hostname":"DESKTOP-ATRG469","pid":8464,"level":30,"actorType":"ACTOR1","actorId":"51646","time":"2025-03-10T21:38:34.5405672Z","msg":"Executing macro DemoBlaze/AddToCart with arguments {\"item\":\"Samsung galaxy s6\"}...","v":0}
{"name":"1741642705","hostname":"DESKTOP-ATRG469","pid":8464,"level":30,"actorType":"ACTOR1","actorId":"51646","time":"2025-03-10T21:38:34.5415668Z","msg":"Evaluating action 1/1 in macro DemoBlaze/AddToCart...","v":0}
{"name":"1741642705","hostname":"DESKTOP-ATRG469","pid":8464,"level":10,"actorType":"ACTOR1","actorId":"51646","time":"2025-03-10T21:38:34.5415668Z","msg":"TRACE: Initializing action org.getopentest.base.ScriptAction...","v":0}
{"name":"1741642705","hostname":"DESKTOP-ATRG469","pid":8464,"level":30,"actorType":"ACTOR1","actorId":"51646","time":"2025-03-10T21:38:34.5415668Z","msg":"Executing action org.getopentest.base.ScriptAction (no arguments were provided)...","v":0}
{"name":"1741642705","hostname":"DESKTOP-ATRG469","pid":8464,"level":10,"actorType":"ACTOR1","actorId":"51646","time":"2025-03-10T21:38:34.5515644Z","msg":"TRACE: Initializing action org.getopentest.selenium.Click...","v":0}
{"name":"1741642705","hostname":"DESKTOP-ATRG469","pid":8464,"level":30,"actorType":"ACTOR1","actorId":"51646","time":"2025-03-10T21:38:34.5515644Z","msg":"Executing action org.getopentest.selenium.Click with arguments {\"locator\":{\"xpath\":\"//h4/a[text()='Samsung galaxy s6']\"}}...","v":0}
{"name":"1741642705","hostname":"DESKTOP-ATRG469","pid":8464,"level":10,"actorType":"ACTOR1","actorId":"51646","time":"2025-03-10T21:38:34.9759415Z","msg":"TRACE: Initializing action org.getopentest.selenium.Click...","v":0}
{"name":"1741642705","hostname":"DESKTOP-ATRG469","pid":8464,"level":30,"actorType":"ACTOR1","actorId":"51646","time":"2025-03-10T21:38:34.9769413Z","msg":"Executing action org.getopentest.selenium.Click with arguments {\"locator\":{\"xpath\":\"//div/div/a[text()=\\\"Add to cart\\\"]\"}}...","v":0}
{"name":"1741642705","hostname":"DESKTOP-ATRG469","pid":8464,"level":10,"actorType":"ACTOR1","actorId":"51646","time":"2025-03-10T21:38:35.6158351Z","msg":"TRACE: Initializing action org.getopentest.selenium.HandleModal...","v":0}
{"name":"1741642705","hostname":"DESKTOP-ATRG469","pid":8464,"level":30,"actorType":"ACTOR1","actorId":"51646","time":"2025-03-10T21:38:35.6158351Z","msg":"Executing action org.getopentest.selenium.HandleModal with arguments {\"perform\":\"getText\"}...","v":0}
{"name":"1741642705","hostname":"DESKTOP-ATRG469","pid":8464,"level":20,"actorType":"ACTOR1","actorId":"51646","time":"2025-03-10T21:38:36.1467294Z","msg":"DEBUG: The output values from action org.getopentest.selenium.HandleModal were: \n\t>>>>> text = \"Product added\"","v":0}
{"name":"1741642705","hostname":"DESKTOP-ATRG469","pid":8464,"level":30,"actorType":"ACTOR1","actorId":"51646","time":"2025-03-10T21:38:36.152723Z","msg":"The dialog box said: Product added","v":0}
{"name":"1741642705","hostname":"DESKTOP-ATRG469","pid":8464,"level":10,"actorType":"ACTOR1","actorId":"51646","time":"2025-03-10T21:38:36.1537213Z","msg":"TRACE: Initializing action org.getopentest.selenium.ExecuteScript...","v":0}
{"name":"1741642705","hostname":"DESKTOP-ATRG469","pid":8464,"level":30,"actorType":"ACTOR1","actorId":"51646","time":"2025-03-10T21:38:36.1537213Z","msg":"Executing action org.getopentest.selenium.ExecuteScript with arguments {\"script\":\"location.reload();\"}...","v":0}
{"name":"1741642705","hostname":"DESKTOP-ATRG469","pid":8464,"level":40,"actorType":"ACTOR1","actorId":"51646","time":"2025-03-10T21:38:36.1725741Z","msg":"WARN: The waitForAsyncCallsToFinish method failed.","v":0}
{"name":"1741642705","hostname":"DESKTOP-ATRG469","pid":8464,"level":40,"actorType":"ACTOR1","actorId":"51646","time":"2025-03-10T21:38:36.1735732Z","msg":"WARN: org.openqa.selenium.UnhandledAlertException: unexpected alert open: {Alert text : Product added}\n  (Session info: chrome=134.0.6998.36): Product added\nBuild info: version: '3.141.59', revision: 'e82be7d358', time: '2018-11-14T08:17:03'\nSystem info: host: 'DESKTOP-ATRG469', ip: '192.168.0.5', os.name: 'Windows 10', os.arch: 'amd64', os.version: '10.0', java.version: '11.0.26'\nDriver info: org.openqa.selenium.chrome.ChromeDriver\nCapabilities {acceptInsecureCerts: false, browserName: chrome, browserVersion: 134.0.6998.36, chrome: {chromedriverVersion: 134.0.6998.35 (ea6ef4c2ac15..., userDataDir: C:\\Users\\casa\\AppData\\Local...}, fedcm:accounts: true, goog:chromeOptions: {debuggerAddress: localhost:57435}, javascriptEnabled: true, networkConnectionEnabled: false, pageLoadStrategy: normal, platform: WINDOWS, platformName: WINDOWS, proxy: Proxy(), setWindowRect: true, strictFileInteractability: false, timeouts: {implicit: 0, pageLoad: 300000, script: 30000}, unhandledPromptBehavior: dismiss and notify, webauthn:extension:credBlob: true, webauthn:extension:largeBlob: true, webauthn:extension:minPinLength: true, webauthn:extension:prf: true, webauthn:virtualAuthenticators: true}\nSession ID: 88b904ef0102badb5580384a648e1a66\r\n\tat org.openqa.selenium.remote.http.W3CHttpResponseCodec.decode(W3CHttpResponseCodec.java:120)\r\n\tat org.openqa.selenium.remote.http.W3CHttpResponseCodec.decode(W3CHttpResponseCodec.java:49)\r\n\tat org.openqa.selenium.remote.HttpCommandExecutor.execute(HttpCommandExecutor.java:158)\r\n\tat org.openqa.selenium.remote.service.DriverCommandExecutor.execute(DriverCommandExecutor.java:83)\r\n\tat org.openqa.selenium.remote.RemoteWebDriver.execute(RemoteWebDriver.java:552)\r\n\tat org.openqa.selenium.remote.RemoteWebDriver.executeAsyncScript(RemoteWebDriver.java:506)\r\n\tat com.paulhammant.ngwebdriver.NgWebDriver.waitForAngularRequestsToFinish(NgWebDriver.java:68)\r\n\tat org.getopentest.selenium.core.SeleniumTestAction.waitForAsyncCallsToFinish(SeleniumTestAction.java:318)\r\n\tat org.getopentest.selenium.ExecuteScript.run(ExecuteScript.java:20)\r\n\tat org.getopentest.base.TestActor.executeAction(TestActor.java:1571)\r\n\tat org.getopentest.base.TestActor.executeActionByClassName(TestActor.java:1647)\r\n\tat org.getopentest.base.TestActor.executeActionByDef(TestActor.java:1749)\r\n\tat org.getopentest.base.TestActor.access$1200(TestActor.java:84)\r\n\tat org.getopentest.base.TestActor$23.call(TestActor.java:873)\r\n\tat jdk.scripting.nashorn/jdk.nashorn.internal.runtime.linker.JSObjectLinker.jsObjectScopeCall(JSObjectLinker.java:254)\r\n\tat jdk.scripting.nashorn.scripts/jdk.nashorn.internal.scripts.Script$Recompilation$1583$\\^eval\\_$cu1$restOf.:program(<eval>:18)\r\n\tat jdk.scripting.nashorn/jdk.nashorn.internal.runtime.ScriptFunctionData.invoke(ScriptFunctionData.java:655)\r\n\tat jdk.scripting.nashorn/jdk.nashorn.internal.runtime.ScriptFunction.invoke(ScriptFunction.java:513)\r\n\tat jdk.scripting.nashorn/jdk.nashorn.internal.runtime.ScriptRuntime.apply(ScriptRuntime.java:527)\r\n\tat jdk.scripting.nashorn/jdk.nashorn.api.scripting.NashornScriptEngine.evalImpl(NashornScriptEngine.java:456)\r\n\tat jdk.scripting.nashorn/jdk.nashorn.api.scripting.NashornScriptEngine.evalImpl(NashornScriptEngine.java:413)\r\n\tat jdk.scripting.nashorn/jdk.nashorn.api.scripting.NashornScriptEngine.evalImpl(NashornScriptEngine.java:409)\r\n\tat jdk.scripting.nashorn/jdk.nashorn.api.scripting.NashornScriptEngine.eval(NashornScriptEngine.java:162)\r\n\tat java.scripting/javax.script.AbstractScriptEngine.eval(AbstractScriptEngine.java:264)\r\n\tat org.getopentest.base.TestActor.evalScript(TestActor.java:1476)\r\n\tat org.getopentest.base.ScriptAction.run(ScriptAction.java:32)\r\n\tat org.getopentest.base.TestActor.executeAction(TestActor.java:1571)\r\n\tat org.getopentest.base.TestActor.executeActionByDef(TestActor.java:1739)\r\n\tat org.getopentest.base.TestActor.executeMacroActionByDef(TestActor.java:1938)\r\n\tat org.getopentest.base.TestActor.executeMacroActionByName(TestActor.java:2013)\r\n\tat org.getopentest.base.TestActor.executeActionByDef(TestActor.java:1745)\r\n\tat org.getopentest.base.TestActor.executeTestSegment(TestActor.java:2092)\r\n\tat org.getopentest.base.TestActor.runOneSession(TestActor.java:3077)\r\n\tat org.getopentest.base.TestActor.runOneSession(TestActor.java:3113)\r\n\tat org.getopentest.Main.main(Main.java:20)\r\n","v":0}
{"name":"1741642705","hostname":"DESKTOP-ATRG469","pid":8464,"level":20,"actorType":"ACTOR1","actorId":"51646","time":"2025-03-10T21:38:36.340204Z","msg":"DEBUG: The output values from action org.getopentest.selenium.ExecuteScript were: \n\t>>>>> result = null","v":0}
{"name":"1741642705","hostname":"DESKTOP-ATRG469","pid":8464,"level":30,"actorType":"ACTOR1","actorId":"51646","time":"2025-03-10T21:38:40.3496349Z","msg":"Evaluating action 4/6 (DemoBlaze.ChooseNavOption) in segment 1...","v":0}
{"name":"1741642705","hostname":"DESKTOP-ATRG469","pid":8464,"level":30,"actorType":"ACTOR1","actorId":"51646","time":"2025-03-10T21:38:40.3526334Z","msg":"Executing macro DemoBlaze/ChooseNavOption with arguments {\"item\":\"Cart\"}...","v":0}
{"name":"1741642705","hostname":"DESKTOP-ATRG469","pid":8464,"level":30,"actorType":"ACTOR1","actorId":"51646","time":"2025-03-10T21:38:40.3526334Z","msg":"Evaluating action 1/1 in macro DemoBlaze/ChooseNavOption...","v":0}
{"name":"1741642705","hostname":"DESKTOP-ATRG469","pid":8464,"level":10,"actorType":"ACTOR1","actorId":"51646","time":"2025-03-10T21:38:40.3526334Z","msg":"TRACE: Initializing action org.getopentest.base.ScriptAction...","v":0}
{"name":"1741642705","hostname":"DESKTOP-ATRG469","pid":8464,"level":30,"actorType":"ACTOR1","actorId":"51646","time":"2025-03-10T21:38:40.3526334Z","msg":"Executing action org.getopentest.base.ScriptAction (no arguments were provided)...","v":0}
{"name":"1741642705","hostname":"DESKTOP-ATRG469","pid":8464,"level":10,"actorType":"ACTOR1","actorId":"51646","time":"2025-03-10T21:38:42.3941228Z","msg":"TRACE: Initializing action org.getopentest.selenium.ExecuteScript...","v":0}
{"name":"1741642705","hostname":"DESKTOP-ATRG469","pid":8464,"level":30,"actorType":"ACTOR1","actorId":"51646","time":"2025-03-10T21:38:42.3941228Z","msg":"Executing action org.getopentest.selenium.ExecuteScript with arguments {\"script\":\"var element = document.evaluate('//ul/li/a[text()=\\\"Cart\\\"]', document, null, XPathResult.FIRST_ORDERED_NODE_TYPE, null).singleNodeValue;if (element) {element.click();}\"}...","v":0}
{"name":"1741642705","hostname":"DESKTOP-ATRG469","pid":8464,"level":20,"actorType":"ACTOR1","actorId":"51646","time":"2025-03-10T21:38:42.7011131Z","msg":"DEBUG: The output values from action org.getopentest.selenium.ExecuteScript were: \n\t>>>>> result = null","v":0}
{"name":"1741642705","hostname":"DESKTOP-ATRG469","pid":8464,"level":30,"actorType":"ACTOR1","actorId":"51646","time":"2025-03-10T21:38:43.7044189Z","msg":"Evaluating action 5/6 (DemoBlaze.PlaceOrder) in segment 1...","v":0}
{"name":"1741642705","hostname":"DESKTOP-ATRG469","pid":8464,"level":30,"actorType":"ACTOR1","actorId":"51646","time":"2025-03-10T21:38:43.7204469Z","msg":"Executing macro DemoBlaze/PlaceOrder (no arguments were provided)...","v":0}
{"name":"1741642705","hostname":"DESKTOP-ATRG469","pid":8464,"level":30,"actorType":"ACTOR1","actorId":"51646","time":"2025-03-10T21:38:43.721459Z","msg":"Evaluating action 1/1 in macro DemoBlaze/PlaceOrder...","v":0}
{"name":"1741642705","hostname":"DESKTOP-ATRG469","pid":8464,"level":10,"actorType":"ACTOR1","actorId":"51646","time":"2025-03-10T21:38:43.7234494Z","msg":"TRACE: Initializing action org.getopentest.base.ScriptAction...","v":0}
{"name":"1741642705","hostname":"DESKTOP-ATRG469","pid":8464,"level":30,"actorType":"ACTOR1","actorId":"51646","time":"2025-03-10T21:38:43.7244534Z","msg":"Executing action org.getopentest.base.ScriptAction (no arguments were provided)...","v":0}
{"name":"1741642705","hostname":"DESKTOP-ATRG469","pid":8464,"level":10,"actorType":"ACTOR1","actorId":"51646","time":"2025-03-10T21:38:43.7351511Z","msg":"TRACE: Initializing action org.getopentest.selenium.Click...","v":0}
{"name":"1741642705","hostname":"DESKTOP-ATRG469","pid":8464,"level":30,"actorType":"ACTOR1","actorId":"51646","time":"2025-03-10T21:38:43.7351511Z","msg":"Executing action org.getopentest.selenium.Click with arguments {\"locator\":{\"xpath\":\"//div/div/button[text()=\\\"Place Order\\\"]\"}}...","v":0}
{"name":"1741642705","hostname":"DESKTOP-ATRG469","pid":8464,"level":10,"actorType":"ACTOR1","actorId":"51646","time":"2025-03-10T21:38:43.8293069Z","msg":"TRACE: Initializing action org.getopentest.selenium.AssertElementVisible...","v":0}
{"name":"1741642705","hostname":"DESKTOP-ATRG469","pid":8464,"level":30,"actorType":"ACTOR1","actorId":"51646","time":"2025-03-10T21:38:43.8293069Z","msg":"Executing action org.getopentest.selenium.AssertElementVisible with arguments {\"locator\":{\"xpath\":\"//div/div/h5[text()=\\\"Place order\\\"]\"}}...","v":0}
{"name":"1741642705","hostname":"DESKTOP-ATRG469","pid":8464,"level":30,"actorType":"ACTOR1","actorId":"51646","time":"2025-03-10T21:38:47.4517Z","msg":"Evaluating action 6/6 (DemoBlaze.FillModalPlaceOrder) in segment 1...","v":0}
{"name":"1741642705","hostname":"DESKTOP-ATRG469","pid":8464,"level":30,"actorType":"ACTOR1","actorId":"51646","time":"2025-03-10T21:38:47.4665871Z","msg":"Executing macro DemoBlaze/FillModalPlaceOrder (no arguments were provided)...","v":0}
{"name":"1741642705","hostname":"DESKTOP-ATRG469","pid":8464,"level":30,"actorType":"ACTOR1","actorId":"51646","time":"2025-03-10T21:38:47.4675413Z","msg":"Evaluating action 1/1 in macro DemoBlaze/FillModalPlaceOrder...","v":0}
{"name":"1741642705","hostname":"DESKTOP-ATRG469","pid":8464,"level":10,"actorType":"ACTOR1","actorId":"51646","time":"2025-03-10T21:38:47.4675413Z","msg":"TRACE: Initializing action org.getopentest.base.ScriptAction...","v":0}
{"name":"1741642705","hostname":"DESKTOP-ATRG469","pid":8464,"level":30,"actorType":"ACTOR1","actorId":"51646","time":"2025-03-10T21:38:47.4675413Z","msg":"Executing action org.getopentest.base.ScriptAction (no arguments were provided)...","v":0}
{"name":"1741642705","hostname":"DESKTOP-ATRG469","pid":8464,"level":10,"actorType":"ACTOR1","actorId":"51646","time":"2025-03-10T21:38:49.4963045Z","msg":"TRACE: Initializing action org.getopentest.selenium.SendKeys...","v":0}
{"name":"1741642705","hostname":"DESKTOP-ATRG469","pid":8464,"level":30,"actorType":"ACTOR1","actorId":"51646","time":"2025-03-10T21:38:49.4973031Z","msg":"Executing action org.getopentest.selenium.SendKeys with arguments {\"locator\":{\"xpath\":\"//div[@class='form-group' and label[text()='Name:']]/input\"},\"text\":\"Christopher Herrera\"}...","v":0}
{"name":"1741642705","hostname":"DESKTOP-ATRG469","pid":8464,"level":10,"actorType":"ACTOR1","actorId":"51646","time":"2025-03-10T21:38:49.5973017Z","msg":"TRACE: Initializing action org.getopentest.selenium.SendKeys...","v":0}
{"name":"1741642705","hostname":"DESKTOP-ATRG469","pid":8464,"level":30,"actorType":"ACTOR1","actorId":"51646","time":"2025-03-10T21:38:49.5973017Z","msg":"Executing action org.getopentest.selenium.SendKeys with arguments {\"locator\":{\"xpath\":\"//div[@class='form-group' and label[text()='Country:']]/input\"},\"text\":\"Guatemala\"}...","v":0}
{"name":"1741642705","hostname":"DESKTOP-ATRG469","pid":8464,"level":10,"actorType":"ACTOR1","actorId":"51646","time":"2025-03-10T21:38:49.6718312Z","msg":"TRACE: Initializing action org.getopentest.selenium.SendKeys...","v":0}
{"name":"1741642705","hostname":"DESKTOP-ATRG469","pid":8464,"level":30,"actorType":"ACTOR1","actorId":"51646","time":"2025-03-10T21:38:49.6718312Z","msg":"Executing action org.getopentest.selenium.SendKeys with arguments {\"locator\":{\"xpath\":\"//div[@class='form-group' and label[text()='City:']]/input\"},\"text\":\"Petapa\"}...","v":0}
{"name":"1741642705","hostname":"DESKTOP-ATRG469","pid":8464,"level":10,"actorType":"ACTOR1","actorId":"51646","time":"2025-03-10T21:38:49.7478613Z","msg":"TRACE: Initializing action org.getopentest.selenium.SendKeys...","v":0}
{"name":"1741642705","hostname":"DESKTOP-ATRG469","pid":8464,"level":30,"actorType":"ACTOR1","actorId":"51646","time":"2025-03-10T21:38:49.7478613Z","msg":"Executing action org.getopentest.selenium.SendKeys with arguments {\"locator\":{\"xpath\":\"//div[@class='form-group' and label[text()='Credit card:']]/input\"},\"text\":\"3435535353535454545\"}...","v":0}
{"name":"1741642705","hostname":"DESKTOP-ATRG469","pid":8464,"level":10,"actorType":"ACTOR1","actorId":"51646","time":"2025-03-10T21:38:49.8319443Z","msg":"TRACE: Initializing action org.getopentest.selenium.Click...","v":0}
{"name":"1741642705","hostname":"DESKTOP-ATRG469","pid":8464,"level":30,"actorType":"ACTOR1","actorId":"51646","time":"2025-03-10T21:38:49.832943Z","msg":"Executing action org.getopentest.selenium.Click with arguments {\"locator\":{\"xpath\":\"//div/button[text()='Purchase']\"}}...","v":0}
{"name":"1741642705","hostname":"DESKTOP-ATRG469","pid":8464,"level":10,"actorType":"ACTOR1","actorId":"51646","time":"2025-03-10T21:38:49.9440928Z","msg":"TRACE: Initializing action org.getopentest.selenium.AssertElementVisible...","v":0}
{"name":"1741642705","hostname":"DESKTOP-ATRG469","pid":8464,"level":30,"actorType":"ACTOR1","actorId":"51646","time":"2025-03-10T21:38:49.9440928Z","msg":"Executing action org.getopentest.selenium.AssertElementVisible with arguments {\"locator\":{\"xpath\":\"//*/h2[text()='Thank you for your purchase!']\"}}...","v":0}
{"name":"1741642705","hostname":"DESKTOP-ATRG469","pid":8464,"level":10,"actorType":"ACTOR1","actorId":"51646","time":"2025-03-10T21:38:51.0035941Z","msg":"TRACE: Initializing action org.getopentest.selenium.Click...","v":0}
{"name":"1741642705","hostname":"DESKTOP-ATRG469","pid":8464,"level":30,"actorType":"ACTOR1","actorId":"51646","time":"2025-03-10T21:38:51.0035941Z","msg":"Executing action org.getopentest.selenium.Click with arguments {\"locator\":{\"xpath\":\"//div/button[text()='OK']\"}}...","v":0}
{"name":"1741642705","hostname":"DESKTOP-ATRG469","pid":8464,"level":10,"actorType":"ACTOR1","actorId":"51646","time":"2025-03-10T21:38:51.3470135Z","msg":"TRACE: Initializing action org.getopentest.selenium.ExecuteScript...","v":0}
{"name":"1741642705","hostname":"DESKTOP-ATRG469","pid":8464,"level":30,"actorType":"ACTOR1","actorId":"51646","time":"2025-03-10T21:38:51.3470135Z","msg":"Executing action org.getopentest.selenium.ExecuteScript with arguments {\"script\":\"location.reload();\"}...","v":0}
{"name":"1741642705","hostname":"DESKTOP-ATRG469","pid":8464,"level":20,"actorType":"ACTOR1","actorId":"51646","time":"2025-03-10T21:38:51.5238934Z","msg":"DEBUG: The output values from action org.getopentest.selenium.ExecuteScript were: \n\t>>>>> result = null","v":0}
{"name":"1741642705","hostname":"DESKTOP-ATRG469","pid":8464,"level":30,"actorType":"ACTOR1","actorId":"51646","time":"2025-03-10T21:38:56.0410718Z","msg":"Test session has completed","v":0}
{"name":"1741642705","hostname":"DESKTOP-ATRG469","pid":8464,"level":10,"actorType":"ACTOR1","actorId":"51646","time":"2025-03-10T21:38:56.0420639Z","msg":"TRACE: Firing TEST_COMPLETED event...","v":0}
{"name":"1741642705","hostname":"DESKTOP-ATRG469","pid":8464,"level":10,"actorType":"ACTOR1","actorId":"51646","time":"2025-03-10T21:38:56.1750554Z","msg":"TRACE: Firing SESSION_COMPLETED event...","v":0}
{"name":"1741642705","hostname":"DESKTOP-ATRG469","pid":8464,"level":30,"actorType":"ACTOR1","actorId":"51646","time":"2025-03-10T21:38:56.1750554Z","msg":"Actor 51646 of type ACTOR1 with no tags is waiting to be acquired by a test session...","v":0}
{"name":"1741642705","hostname":"DESKTOP-ATRG469","pid":8464,"level":10,"actorType":"ACTOR1","actorId":"51646","time":"2025-03-10T21:39:41.5018939Z","msg":"TRACE: Initializing test session information in the \"announce\" method...","v":0}
{"name":"1741642705","hostname":"DESKTOP-ATRG469","pid":8464,"level":10,"actorType":"ACTOR1","actorId":"51646","time":"2025-03-10T21:39:41.5028946Z","msg":"TRACE: Session ID in sync server response was 1741642777; actor session ID was null","v":0}
